[2025-02-05 02:45:57Z INFO HostContext] No proxy settings were found based on environmental variables (http_proxy/https_proxy/HTTP_PROXY/HTTPS_PROXY)
[2025-02-05 02:45:57Z INFO HostContext] Well known directory 'Bin': '/home/hardik/Desktop/Assignment-1/assignment-1-HardikMinochaESE-1/actions-runner/bin'
[2025-02-05 02:45:57Z INFO HostContext] Well known directory 'Root': '/home/hardik/Desktop/Assignment-1/assignment-1-HardikMinochaESE-1/actions-runner'
[2025-02-05 02:45:57Z INFO HostContext] Well known config file 'Credentials': '/home/hardik/Desktop/Assignment-1/assignment-1-HardikMinochaESE-1/actions-runner/.credentials'
[2025-02-05 02:45:57Z INFO HostContext] Well known directory 'Bin': '/home/hardik/Desktop/Assignment-1/assignment-1-HardikMinochaESE-1/actions-runner/bin'
[2025-02-05 02:45:57Z INFO HostContext] Well known directory 'Root': '/home/hardik/Desktop/Assignment-1/assignment-1-HardikMinochaESE-1/actions-runner'
[2025-02-05 02:45:57Z INFO HostContext] Well known config file 'Runner': '/home/hardik/Desktop/Assignment-1/assignment-1-HardikMinochaESE-1/actions-runner/.runner'
[2025-02-05 02:45:57Z INFO Listener] Runner is built for Linux (X64) - linux-x64.
[2025-02-05 02:45:57Z INFO Listener] RuntimeInformation: Ubuntu 22.04.5 LTS.
[2025-02-05 02:45:57Z INFO Listener] Version: 2.322.0
[2025-02-05 02:45:57Z INFO Listener] Commit: 0edc478ca75d0a753dcbcec7405f3f26db67b1ac
[2025-02-05 02:45:57Z INFO Listener] Culture: en-IN
[2025-02-05 02:45:57Z INFO Listener] UI Culture: en-IN
[2025-02-05 02:45:57Z INFO HostContext] Well known directory 'Bin': '/home/hardik/Desktop/Assignment-1/assignment-1-HardikMinochaESE-1/actions-runner/bin'
[2025-02-05 02:45:57Z INFO HostContext] Well known directory 'Root': '/home/hardik/Desktop/Assignment-1/assignment-1-HardikMinochaESE-1/actions-runner'
[2025-02-05 02:45:57Z INFO Listener] Validating directory permissions for: '/home/hardik/Desktop/Assignment-1/assignment-1-HardikMinochaESE-1/actions-runner'
[2025-02-05 02:45:57Z INFO CommandLineParser] Parse
[2025-02-05 02:45:57Z INFO CommandLineParser] Parsing 1 args
[2025-02-05 02:45:57Z INFO CommandLineParser] parsing argument
[2025-02-05 02:45:57Z INFO CommandLineParser] HasArgs: False
[2025-02-05 02:45:57Z INFO CommandLineParser] Adding Command: run
[2025-02-05 02:45:57Z INFO Listener] Arguments parsed
[2025-02-05 02:45:57Z INFO Runner] ExecuteCommand
[2025-02-05 02:45:57Z INFO ConfigurationStore] currentAssemblyLocation: /home/hardik/Desktop/Assignment-1/assignment-1-HardikMinochaESE-1/actions-runner/bin/Runner.Listener.dll
[2025-02-05 02:45:57Z INFO HostContext] Well known directory 'Bin': '/home/hardik/Desktop/Assignment-1/assignment-1-HardikMinochaESE-1/actions-runner/bin'
[2025-02-05 02:45:57Z INFO ConfigurationStore] binPath: /home/hardik/Desktop/Assignment-1/assignment-1-HardikMinochaESE-1/actions-runner/bin
[2025-02-05 02:45:57Z INFO HostContext] Well known directory 'Bin': '/home/hardik/Desktop/Assignment-1/assignment-1-HardikMinochaESE-1/actions-runner/bin'
[2025-02-05 02:45:57Z INFO HostContext] Well known directory 'Root': '/home/hardik/Desktop/Assignment-1/assignment-1-HardikMinochaESE-1/actions-runner'
[2025-02-05 02:45:57Z INFO ConfigurationStore] RootFolder: /home/hardik/Desktop/Assignment-1/assignment-1-HardikMinochaESE-1/actions-runner
[2025-02-05 02:45:57Z INFO HostContext] Well known directory 'Bin': '/home/hardik/Desktop/Assignment-1/assignment-1-HardikMinochaESE-1/actions-runner/bin'
[2025-02-05 02:45:57Z INFO HostContext] Well known directory 'Root': '/home/hardik/Desktop/Assignment-1/assignment-1-HardikMinochaESE-1/actions-runner'
[2025-02-05 02:45:57Z INFO HostContext] Well known config file 'Runner': '/home/hardik/Desktop/Assignment-1/assignment-1-HardikMinochaESE-1/actions-runner/.runner'
[2025-02-05 02:45:57Z INFO ConfigurationStore] ConfigFilePath: /home/hardik/Desktop/Assignment-1/assignment-1-HardikMinochaESE-1/actions-runner/.runner
[2025-02-05 02:45:57Z INFO HostContext] Well known directory 'Bin': '/home/hardik/Desktop/Assignment-1/assignment-1-HardikMinochaESE-1/actions-runner/bin'
[2025-02-05 02:45:57Z INFO HostContext] Well known directory 'Root': '/home/hardik/Desktop/Assignment-1/assignment-1-HardikMinochaESE-1/actions-runner'
[2025-02-05 02:45:57Z INFO HostContext] Well known config file 'Credentials': '/home/hardik/Desktop/Assignment-1/assignment-1-HardikMinochaESE-1/actions-runner/.credentials'
[2025-02-05 02:45:57Z INFO ConfigurationStore] CredFilePath: /home/hardik/Desktop/Assignment-1/assignment-1-HardikMinochaESE-1/actions-runner/.credentials
[2025-02-05 02:45:57Z INFO HostContext] Well known directory 'Bin': '/home/hardik/Desktop/Assignment-1/assignment-1-HardikMinochaESE-1/actions-runner/bin'
[2025-02-05 02:45:57Z INFO HostContext] Well known directory 'Root': '/home/hardik/Desktop/Assignment-1/assignment-1-HardikMinochaESE-1/actions-runner'
[2025-02-05 02:45:57Z INFO HostContext] Well known config file 'MigratedCredentials': '/home/hardik/Desktop/Assignment-1/assignment-1-HardikMinochaESE-1/actions-runner/.credentials_migrated'
[2025-02-05 02:45:57Z INFO ConfigurationStore] MigratedCredFilePath: /home/hardik/Desktop/Assignment-1/assignment-1-HardikMinochaESE-1/actions-runner/.credentials_migrated
[2025-02-05 02:45:57Z INFO HostContext] Well known directory 'Bin': '/home/hardik/Desktop/Assignment-1/assignment-1-HardikMinochaESE-1/actions-runner/bin'
[2025-02-05 02:45:57Z INFO HostContext] Well known directory 'Root': '/home/hardik/Desktop/Assignment-1/assignment-1-HardikMinochaESE-1/actions-runner'
[2025-02-05 02:45:57Z INFO HostContext] Well known config file 'Service': '/home/hardik/Desktop/Assignment-1/assignment-1-HardikMinochaESE-1/actions-runner/.service'
[2025-02-05 02:45:57Z INFO ConfigurationStore] ServiceConfigFilePath: /home/hardik/Desktop/Assignment-1/assignment-1-HardikMinochaESE-1/actions-runner/.service
[2025-02-05 02:45:57Z INFO CommandSettings] Flag 'help': 'False'
[2025-02-05 02:45:57Z INFO CommandSettings] Flag 'version': 'False'
[2025-02-05 02:45:57Z INFO CommandSettings] Flag 'commit': 'False'
[2025-02-05 02:45:57Z INFO CommandSettings] Flag 'check': 'False'
[2025-02-05 02:45:57Z INFO CommandSettings] Command 'configure': 'False'
[2025-02-05 02:45:57Z INFO CommandSettings] Command 'remove': 'False'
[2025-02-05 02:45:57Z INFO CommandSettings] Command 'warmup': 'False'
[2025-02-05 02:45:57Z INFO ConfigurationManager] LoadSettings
[2025-02-05 02:45:57Z INFO ConfigurationStore] IsConfigured()
[2025-02-05 02:45:57Z INFO ConfigurationStore] IsConfigured: True
[2025-02-05 02:45:57Z INFO ConfigurationManager] Is configured: True
[2025-02-05 02:45:57Z INFO ConfigurationStore] Read setting file: 325 chars
[2025-02-05 02:45:57Z INFO ConfigurationManager] Settings Loaded
[2025-02-05 02:45:57Z INFO ConfigurationStore] IsServiceConfigured()
[2025-02-05 02:45:57Z INFO ConfigurationStore] IsServiceConfigured: False
[2025-02-05 02:45:57Z INFO CommandSettings] Command 'run': 'True'
[2025-02-05 02:45:57Z INFO ConfigurationStore] IsConfigured()
[2025-02-05 02:45:57Z INFO ConfigurationStore] IsConfigured: True
[2025-02-05 02:45:57Z INFO ConfigurationManager] Is configured: True
[2025-02-05 02:45:57Z INFO Runner] Could not parse the argument value '' for StartupType. Defaulting to Manual
[2025-02-05 02:45:57Z INFO Runner] Set runner startup type - Manual
[2025-02-05 02:45:57Z INFO CommandSettings] Flag 'once': 'False'
[2025-02-05 02:45:57Z INFO CommandSettings] Flag 'once': 'False'
[2025-02-05 02:45:57Z INFO Runner] RunAsync
[2025-02-05 02:45:57Z INFO ConfigurationManager] LoadSettings
[2025-02-05 02:45:57Z INFO ConfigurationStore] IsConfigured()
[2025-02-05 02:45:57Z INFO ConfigurationStore] IsConfigured: True
[2025-02-05 02:45:57Z INFO ConfigurationManager] Is configured: True
[2025-02-05 02:45:57Z INFO ConfigurationManager] Settings Loaded
[2025-02-05 02:45:57Z INFO MessageListener] {
  "AgentId": 2,
  "AgentName": "AESD-3",
  "PoolId": 1,
  "PoolName": "Default",
  "ServerUrl": "https://pipelinesghubeus6.actions.githubusercontent.com/JxQeg6iB4GGvE3bMtDlNUb9oaNj8vtBGdA1j4tszZae3a17EQj/",
  "GitHubUrl": "https://github.com/cu-ecen-aeld/assignments-3-and-later-HardikMinochaESE",
  "WorkFolder": "_work"
}
[2025-02-05 02:45:57Z INFO MessageListener] Loading Credentials
[2025-02-05 02:45:57Z INFO ConfigurationStore] HasCredentials()
[2025-02-05 02:45:57Z INFO ConfigurationStore] stored True
[2025-02-05 02:45:57Z INFO CredentialManager] GetCredentialProvider
[2025-02-05 02:45:57Z INFO CredentialManager] Creating type OAuth
[2025-02-05 02:45:57Z INFO CredentialManager] Creating credential type: OAuth
[2025-02-05 02:45:57Z INFO HostContext] Well known directory 'Bin': '/home/hardik/Desktop/Assignment-1/assignment-1-HardikMinochaESE-1/actions-runner/bin'
[2025-02-05 02:45:57Z INFO HostContext] Well known directory 'Root': '/home/hardik/Desktop/Assignment-1/assignment-1-HardikMinochaESE-1/actions-runner'
[2025-02-05 02:45:57Z INFO HostContext] Well known config file 'RSACredentials': '/home/hardik/Desktop/Assignment-1/assignment-1-HardikMinochaESE-1/actions-runner/.credentials_rsaparams'
[2025-02-05 02:45:57Z INFO RSAFileKeyManager] Loading RSA key parameters from file /home/hardik/Desktop/Assignment-1/assignment-1-HardikMinochaESE-1/actions-runner/.credentials_rsaparams
[2025-02-05 02:45:57Z INFO MessageListener] Attempt to create session.
[2025-02-05 02:45:57Z INFO MessageListener] Connecting to the Runner Server...
[2025-02-05 02:45:57Z INFO RunnerServer] EstablishVssConnection
[2025-02-05 02:45:57Z INFO RunnerServer] Establish connection with 100 seconds timeout.
[2025-02-05 02:45:57Z INFO GitHubActionsService] Starting operation Location.GetConnectionData
[2025-02-05 02:45:57Z INFO RunnerServer] EstablishVssConnection
[2025-02-05 02:45:57Z INFO RunnerServer] Establish connection with 60 seconds timeout.
[2025-02-05 02:45:57Z INFO GitHubActionsService] Starting operation Location.GetConnectionData
[2025-02-05 02:45:57Z INFO RunnerServer] EstablishVssConnection
[2025-02-05 02:45:57Z INFO RunnerServer] Establish connection with 60 seconds timeout.
[2025-02-05 02:45:57Z INFO GitHubActionsService] Starting operation Location.GetConnectionData
[2025-02-05 02:45:59Z INFO GitHubActionsService] Finished operation Location.GetConnectionData
[2025-02-05 02:45:59Z INFO GitHubActionsService] Finished operation Location.GetConnectionData
[2025-02-05 02:46:00Z INFO GitHubActionsService] Finished operation Location.GetConnectionData
[2025-02-05 02:46:00Z INFO MessageListener] VssConnection created
[2025-02-05 02:46:00Z INFO Terminal] WRITE LINE: 
[2025-02-05 02:46:00Z INFO Terminal] WRITE LINE: 
[2025-02-05 02:46:00Z INFO RSAFileKeyManager] Loading RSA key parameters from file /home/hardik/Desktop/Assignment-1/assignment-1-HardikMinochaESE-1/actions-runner/.credentials_rsaparams
[2025-02-05 02:46:00Z INFO RSAFileKeyManager] Loading RSA key parameters from file /home/hardik/Desktop/Assignment-1/assignment-1-HardikMinochaESE-1/actions-runner/.credentials_rsaparams
[2025-02-05 02:46:02Z INFO GitHubActionsService] AAD Correlation ID for this token request: Unknown
[2025-02-05 02:46:02Z INFO MessageListener] Session created.
[2025-02-05 02:46:02Z INFO Terminal] WRITE LINE: Current runner version: '2.322.0'
[2025-02-05 02:46:02Z INFO Terminal] WRITE LINE: 2025-02-05 02:46:02Z: Listening for Jobs
[2025-02-05 02:46:02Z INFO JobDispatcher] Set runner/worker IPC timeout to 30 seconds.
[2025-02-05 02:46:03Z INFO RSAFileKeyManager] Loading RSA key parameters from file /home/hardik/Desktop/Assignment-1/assignment-1-HardikMinochaESE-1/actions-runner/.credentials_rsaparams
[2025-02-05 02:46:04Z INFO GitHubActionsService] AAD Correlation ID for this token request: Unknown
[2025-02-05 02:46:07Z INFO MessageListener] Message '397535933574376894' received from session '09a93321-6a22-4c60-9f2a-1c7723a8290a'.
[2025-02-05 02:46:07Z INFO ConfigurationStore] HasCredentials()
[2025-02-05 02:46:07Z INFO ConfigurationStore] stored True
[2025-02-05 02:46:07Z INFO CredentialManager] GetCredentialProvider
[2025-02-05 02:46:07Z INFO CredentialManager] Creating type OAuth
[2025-02-05 02:46:07Z INFO CredentialManager] Creating credential type: OAuth
[2025-02-05 02:46:07Z INFO RSAFileKeyManager] Loading RSA key parameters from file /home/hardik/Desktop/Assignment-1/assignment-1-HardikMinochaESE-1/actions-runner/.credentials_rsaparams
[2025-02-05 02:46:07Z INFO ActionsRunServer] EstablishVssConnection
[2025-02-05 02:46:07Z INFO ActionsRunServer] Establish connection with 100 seconds timeout.
[2025-02-05 02:46:07Z INFO GitHubActionsService] Starting operation Location.GetConnectionData
[2025-02-05 02:46:08Z INFO GitHubActionsService] Finished operation Location.GetConnectionData
[2025-02-05 02:46:08Z INFO RSAFileKeyManager] Loading RSA key parameters from file /home/hardik/Desktop/Assignment-1/assignment-1-HardikMinochaESE-1/actions-runner/.credentials_rsaparams
[2025-02-05 02:46:08Z INFO RSAFileKeyManager] Loading RSA key parameters from file /home/hardik/Desktop/Assignment-1/assignment-1-HardikMinochaESE-1/actions-runner/.credentials_rsaparams
[2025-02-05 02:46:09Z INFO GitHubActionsService] AAD Correlation ID for this token request: Unknown
[2025-02-05 02:46:09Z INFO JobDispatcher] Job request 2 for plan a9200d3e-d524-4327-9590-89fb259c04b5 job 0e10f8dd-85b5-5bee-19c6-47fc7db6f171 received.
[2025-02-05 02:46:09Z INFO JobDispatcher] Pull OrchestrationId a9200d3e-d524-4327-9590-89fb259c04b5.unit-test.__default from JWT claims
[2025-02-05 02:46:09Z INFO MessageListener] Received job status event. JobState: Busy
[2025-02-05 02:46:09Z INFO MessageListener] _getMessagesTokenSource is already disposed.
[2025-02-05 02:46:09Z INFO Terminal] WRITE LINE: 2025-02-05 02:46:09Z: Running job: unit-test
[2025-02-05 02:46:09Z INFO JobDispatcher] Start renew job request 2 for job 0e10f8dd-85b5-5bee-19c6-47fc7db6f171.
[2025-02-05 02:46:09Z INFO JobDispatcher] Successfully renew job request 2, job is valid till 05/02/2025 2:56:09 am
[2025-02-05 02:46:09Z INFO HostContext] Well known directory 'Bin': '/home/hardik/Desktop/Assignment-1/assignment-1-HardikMinochaESE-1/actions-runner/bin'
[2025-02-05 02:46:09Z INFO ProcessInvokerWrapper] Starting process:
[2025-02-05 02:46:09Z INFO ProcessInvokerWrapper]   File name: '/home/hardik/Desktop/Assignment-1/assignment-1-HardikMinochaESE-1/actions-runner/bin/Runner.Worker'
[2025-02-05 02:46:09Z INFO ProcessInvokerWrapper]   Arguments: 'spawnclient 150 153'
[2025-02-05 02:46:09Z INFO ProcessInvokerWrapper]   Working directory: '/home/hardik/Desktop/Assignment-1/assignment-1-HardikMinochaESE-1/actions-runner/bin'
[2025-02-05 02:46:09Z INFO ProcessInvokerWrapper]   Require exit code zero: 'False'
[2025-02-05 02:46:09Z INFO ProcessInvokerWrapper]   Encoding web name:  ; code page: ''
[2025-02-05 02:46:09Z INFO ProcessInvokerWrapper]   Force kill process on cancellation: 'True'
[2025-02-05 02:46:09Z INFO ProcessInvokerWrapper]   Redirected STDIN: 'False'
[2025-02-05 02:46:09Z INFO ProcessInvokerWrapper]   Persist current code page: 'False'
[2025-02-05 02:46:09Z INFO ProcessInvokerWrapper]   Keep redirected STDIN open: 'False'
[2025-02-05 02:46:09Z INFO ProcessInvokerWrapper]   High priority process: 'True'
[2025-02-05 02:46:09Z INFO ProcessInvokerWrapper] Process started with process id 5037, waiting for process exit.
[2025-02-05 02:46:09Z INFO JobDispatcher] Send job request message to worker for job 0e10f8dd-85b5-5bee-19c6-47fc7db6f171.
[2025-02-05 02:46:09Z INFO ProcessChannel] Sending message of length 27136, with hash 'a19079376f777b212fad97aa3e345bb297fc22b6d6f5fad5fe3a414c445347c2'
[2025-02-05 02:46:09Z INFO JobNotification] Entering JobStarted Notification
[2025-02-05 02:46:09Z INFO JobNotification] Entering StartMonitor
[2025-02-05 02:46:54Z INFO Terminal] WRITE LINE: Exiting...
[2025-02-05 02:46:54Z INFO ConfigurationStore] IsServiceConfigured()
[2025-02-05 02:46:54Z INFO ConfigurationStore] IsServiceConfigured: False
[2025-02-05 02:46:54Z INFO HostContext] Runner will be shutdown for UserCancelled
[2025-02-05 02:46:54Z WARN GitHubActionsService] GET request to https://broker.actions.githubusercontent.com/message?sessionId=09a93321-6a22-4c60-9f2a-1c7723a8290a&status=Busy&runnerVersion=2.322.0&os=Linux&architecture=X64&disableUpdate=false has been cancelled.
[2025-02-05 02:46:54Z ERR  BrokerServer] Catch exception during request
[2025-02-05 02:46:54Z ERR  BrokerServer] System.Threading.Tasks.TaskCanceledException: The operation was canceled.
 ---> System.Threading.Tasks.TaskCanceledException: The operation was canceled.
 ---> System.IO.IOException: Unable to read data from the transport connection: Operation canceled.
 ---> System.Net.Sockets.SocketException (125): Operation canceled
   --- End of inner exception stack trace ---
   at System.Net.Sockets.Socket.AwaitableSocketAsyncEventArgs.ThrowException(SocketError error, CancellationToken cancellationToken)
   at System.Net.Sockets.Socket.AwaitableSocketAsyncEventArgs.System.Threading.Tasks.Sources.IValueTaskSource<System.Int32>.GetResult(Int16 token)
   at System.Net.Security.SslStream.EnsureFullTlsFrameAsync[TIOAdapter](CancellationToken cancellationToken, Int32 estimatedSize)
   at System.Runtime.CompilerServices.PoolingAsyncValueTaskMethodBuilder`1.StateMachineBox`1.System.Threading.Tasks.Sources.IValueTaskSource<TResult>.GetResult(Int16 token)
   at System.Net.Security.SslStream.ReadAsyncInternal[TIOAdapter](Memory`1 buffer, CancellationToken cancellationToken)
   at System.Runtime.CompilerServices.PoolingAsyncValueTaskMethodBuilder`1.StateMachineBox`1.System.Threading.Tasks.Sources.IValueTaskSource<TResult>.GetResult(Int16 token)
   at System.Net.Http.HttpConnection.SendAsync(HttpRequestMessage request, Boolean async, CancellationToken cancellationToken)
   --- End of inner exception stack trace ---
   at System.Net.Http.HttpConnection.SendAsync(HttpRequestMessage request, Boolean async, CancellationToken cancellationToken)
   at System.Net.Http.AuthenticationHelper.SendWithNtAuthAsync(HttpRequestMessage request, Uri authUri, Boolean async, ICredentials credentials, Boolean isProxyAuth, HttpConnection connection, HttpConnectionPool connectionPool, CancellationToken cancellationToken)
   at System.Net.Http.HttpConnectionPool.SendWithVersionDetectionAndRetryAsync(HttpRequestMessage request, Boolean async, Boolean doRequestAuth, CancellationToken cancellationToken)
   at System.Net.Http.AuthenticationHelper.SendWithAuthAsync(HttpRequestMessage request, Uri authUri, Boolean async, ICredentials credentials, Boolean preAuthenticate, Boolean isProxyAuth, Boolean doRequestAuth, HttpConnectionPool pool, CancellationToken cancellationToken)
   at System.Net.Http.RedirectHandler.SendAsync(HttpRequestMessage request, Boolean async, CancellationToken cancellationToken)
   at GitHub.Services.Common.RawHttpMessageHandler.SendAsync(HttpRequestMessage request, CancellationToken cancellationToken)
   at GitHub.Services.Common.VssHttpRetryMessageHandler.SendAsync(HttpRequestMessage request, CancellationToken cancellationToken)
   at System.Net.Http.HttpClient.<SendAsync>g__Core|83_0(HttpRequestMessage request, HttpCompletionOption completionOption, CancellationTokenSource cts, Boolean disposeCts, CancellationTokenSource pendingRequestsCts, CancellationToken originalCancellationToken)
   --- End of inner exception stack trace ---
   at System.Net.Http.HttpClient.HandleFailure(Exception e, Boolean telemetryStarted, HttpResponseMessage response, CancellationTokenSource cts, CancellationToken cancellationToken, CancellationTokenSource pendingRequestsCts)
   at System.Net.Http.HttpClient.<SendAsync>g__Core|83_0(HttpRequestMessage request, HttpCompletionOption completionOption, CancellationTokenSource cts, Boolean disposeCts, CancellationTokenSource pendingRequestsCts, CancellationToken originalCancellationToken)
   at Sdk.WebApi.WebApi.RawHttpClientBase.SendAsync(HttpRequestMessage message, HttpCompletionOption completionOption, Object userState, CancellationToken cancellationToken)
   at Sdk.WebApi.WebApi.RawHttpClientBase.SendAsync[T](HttpRequestMessage message, Boolean readErrorBody, Object userState, CancellationToken cancellationToken)
   at Sdk.WebApi.WebApi.RawHttpClientBase.SendAsync[T](HttpMethod method, IEnumerable`1 additionalHeaders, Uri requestUri, HttpContent content, IEnumerable`1 queryParameters, Boolean readErrorBody, Object userState, CancellationToken cancellationToken)
   at GitHub.Actions.RunService.WebApi.BrokerHttpClient.GetRunnerMessageAsync(Nullable`1 sessionId, String runnerVersion, Nullable`1 status, String os, String architecture, Nullable`1 disableUpdate, CancellationToken cancellationToken)
   at GitHub.Runner.Common.BrokerServer.<>c__DisplayClass7_0.<<GetRunnerMessageAsync>b__0>d.MoveNext()
--- End of stack trace from previous location ---
   at GitHub.Runner.Common.RunnerService.RetryRequest[T](Func`1 func, CancellationToken cancellationToken, Int32 maxRetryAttemptsCount, Func`2 shouldRetry)
[2025-02-05 02:46:54Z ERR  BrokerServer] #####################################################
[2025-02-05 02:46:54Z ERR  BrokerServer] System.Threading.Tasks.TaskCanceledException: The operation was canceled.
 ---> System.IO.IOException: Unable to read data from the transport connection: Operation canceled.
 ---> System.Net.Sockets.SocketException (125): Operation canceled
   --- End of inner exception stack trace ---
   at System.Net.Sockets.Socket.AwaitableSocketAsyncEventArgs.ThrowException(SocketError error, CancellationToken cancellationToken)
   at System.Net.Sockets.Socket.AwaitableSocketAsyncEventArgs.System.Threading.Tasks.Sources.IValueTaskSource<System.Int32>.GetResult(Int16 token)
   at System.Net.Security.SslStream.EnsureFullTlsFrameAsync[TIOAdapter](CancellationToken cancellationToken, Int32 estimatedSize)
   at System.Runtime.CompilerServices.PoolingAsyncValueTaskMethodBuilder`1.StateMachineBox`1.System.Threading.Tasks.Sources.IValueTaskSource<TResult>.GetResult(Int16 token)
   at System.Net.Security.SslStream.ReadAsyncInternal[TIOAdapter](Memory`1 buffer, CancellationToken cancellationToken)
   at System.Runtime.CompilerServices.PoolingAsyncValueTaskMethodBuilder`1.StateMachineBox`1.System.Threading.Tasks.Sources.IValueTaskSource<TResult>.GetResult(Int16 token)
   at System.Net.Http.HttpConnection.SendAsync(HttpRequestMessage request, Boolean async, CancellationToken cancellationToken)
   --- End of inner exception stack trace ---
   at System.Net.Http.HttpConnection.SendAsync(HttpRequestMessage request, Boolean async, CancellationToken cancellationToken)
   at System.Net.Http.AuthenticationHelper.SendWithNtAuthAsync(HttpRequestMessage request, Uri authUri, Boolean async, ICredentials credentials, Boolean isProxyAuth, HttpConnection connection, HttpConnectionPool connectionPool, CancellationToken cancellationToken)
   at System.Net.Http.HttpConnectionPool.SendWithVersionDetectionAndRetryAsync(HttpRequestMessage request, Boolean async, Boolean doRequestAuth, CancellationToken cancellationToken)
   at System.Net.Http.AuthenticationHelper.SendWithAuthAsync(HttpRequestMessage request, Uri authUri, Boolean async, ICredentials credentials, Boolean preAuthenticate, Boolean isProxyAuth, Boolean doRequestAuth, HttpConnectionPool pool, CancellationToken cancellationToken)
   at System.Net.Http.RedirectHandler.SendAsync(HttpRequestMessage request, Boolean async, CancellationToken cancellationToken)
   at GitHub.Services.Common.RawHttpMessageHandler.SendAsync(HttpRequestMessage request, CancellationToken cancellationToken)
   at GitHub.Services.Common.VssHttpRetryMessageHandler.SendAsync(HttpRequestMessage request, CancellationToken cancellationToken)
   at System.Net.Http.HttpClient.<SendAsync>g__Core|83_0(HttpRequestMessage request, HttpCompletionOption completionOption, CancellationTokenSource cts, Boolean disposeCts, CancellationTokenSource pendingRequestsCts, CancellationToken originalCancellationToken)
[2025-02-05 02:46:54Z ERR  BrokerServer] #####################################################
[2025-02-05 02:46:54Z ERR  BrokerServer] System.IO.IOException: Unable to read data from the transport connection: Operation canceled.
 ---> System.Net.Sockets.SocketException (125): Operation canceled
   --- End of inner exception stack trace ---
   at System.Net.Sockets.Socket.AwaitableSocketAsyncEventArgs.ThrowException(SocketError error, CancellationToken cancellationToken)
   at System.Net.Sockets.Socket.AwaitableSocketAsyncEventArgs.System.Threading.Tasks.Sources.IValueTaskSource<System.Int32>.GetResult(Int16 token)
   at System.Net.Security.SslStream.EnsureFullTlsFrameAsync[TIOAdapter](CancellationToken cancellationToken, Int32 estimatedSize)
   at System.Runtime.CompilerServices.PoolingAsyncValueTaskMethodBuilder`1.StateMachineBox`1.System.Threading.Tasks.Sources.IValueTaskSource<TResult>.GetResult(Int16 token)
   at System.Net.Security.SslStream.ReadAsyncInternal[TIOAdapter](Memory`1 buffer, CancellationToken cancellationToken)
   at System.Runtime.CompilerServices.PoolingAsyncValueTaskMethodBuilder`1.StateMachineBox`1.System.Threading.Tasks.Sources.IValueTaskSource<TResult>.GetResult(Int16 token)
   at System.Net.Http.HttpConnection.SendAsync(HttpRequestMessage request, Boolean async, CancellationToken cancellationToken)
[2025-02-05 02:46:54Z ERR  BrokerServer] #####################################################
[2025-02-05 02:46:54Z ERR  BrokerServer] System.Net.Sockets.SocketException (125): Operation canceled
[2025-02-05 02:46:54Z WARN BrokerServer] Back off 13.106 seconds before next retry. 4 attempt left.
[2025-02-05 02:46:54Z INFO MessageListener] Get next message has been cancelled.
[2025-02-05 02:46:54Z INFO JobDispatcher] Shutting down JobDispatcher. Make sure all WorkerDispatcher has finished.
[2025-02-05 02:46:54Z INFO JobDispatcher] Ensure WorkerDispatcher for job 0e10f8dd-85b5-5bee-19c6-47fc7db6f171 run to finish, cancel any running job.
[2025-02-05 02:46:54Z INFO JobDispatcher] Send job cancellation message to worker for job 0e10f8dd-85b5-5bee-19c6-47fc7db6f171.
[2025-02-05 02:46:54Z INFO ProcessChannel] Sending message of length 0, with hash 'e3b0c44298fc1c149afbf4c8996fb92427ae41e4649b934ca495991b7852b855'
[2025-02-05 02:46:59Z INFO ProcessInvokerWrapper] STDOUT/STDERR stream read finished.
[2025-02-05 02:46:59Z INFO ProcessInvokerWrapper] STDOUT/STDERR stream read finished.
[2025-02-05 02:46:59Z INFO ProcessInvokerWrapper] Finished process 5037 with exit code 102, and elapsed time 00:00:49.1515766.
[2025-02-05 02:46:59Z INFO JobDispatcher] finish job request for job 0e10f8dd-85b5-5bee-19c6-47fc7db6f171 with result: Canceled
[2025-02-05 02:46:59Z INFO Terminal] WRITE LINE: 2025-02-05 02:46:59Z: Job unit-test completed with result: Canceled
[2025-02-05 02:46:59Z INFO JobDispatcher] Stop renew job request for job 0e10f8dd-85b5-5bee-19c6-47fc7db6f171.
[2025-02-05 02:46:59Z INFO JobDispatcher] job renew has been cancelled, stop renew job request 2.
[2025-02-05 02:46:59Z INFO JobNotification] Entering JobCompleted Notification
[2025-02-05 02:46:59Z INFO JobNotification] Entering EndMonitor
[2025-02-05 02:46:59Z INFO Runner] Deleting Runner Session...
[2025-02-05 02:46:59Z INFO Listener] Runner execution been cancelled.
