[2025-01-15 17:25:24Z INFO HostContext] No proxy settings were found based on environmental variables (http_proxy/https_proxy/HTTP_PROXY/HTTPS_PROXY)
[2025-01-15 17:25:24Z INFO HostContext] Well known directory 'Bin': '/home/hardik/Desktop/Test_Repo/assignment-1-HardikMinochaESE-1/actions-runner/bin'
[2025-01-15 17:25:24Z INFO HostContext] Well known directory 'Root': '/home/hardik/Desktop/Test_Repo/assignment-1-HardikMinochaESE-1/actions-runner'
[2025-01-15 17:25:24Z INFO HostContext] Well known config file 'Credentials': '/home/hardik/Desktop/Test_Repo/assignment-1-HardikMinochaESE-1/actions-runner/.credentials'
[2025-01-15 17:25:24Z INFO HostContext] Well known directory 'Bin': '/home/hardik/Desktop/Test_Repo/assignment-1-HardikMinochaESE-1/actions-runner/bin'
[2025-01-15 17:25:24Z INFO HostContext] Well known directory 'Root': '/home/hardik/Desktop/Test_Repo/assignment-1-HardikMinochaESE-1/actions-runner'
[2025-01-15 17:25:24Z INFO HostContext] Well known config file 'Runner': '/home/hardik/Desktop/Test_Repo/assignment-1-HardikMinochaESE-1/actions-runner/.runner'
[2025-01-15 17:25:24Z INFO Listener] Runner is built for Linux (X64) - linux-x64.
[2025-01-15 17:25:24Z INFO Listener] RuntimeInformation: Ubuntu 22.04.5 LTS.
[2025-01-15 17:25:24Z INFO Listener] Version: 2.321.0
[2025-01-15 17:25:24Z INFO Listener] Commit: e249007931b7c8e857797fa259c167f0bd4f997a
[2025-01-15 17:25:24Z INFO Listener] Culture: en-IN
[2025-01-15 17:25:24Z INFO Listener] UI Culture: en-IN
[2025-01-15 17:25:24Z INFO HostContext] Well known directory 'Bin': '/home/hardik/Desktop/Test_Repo/assignment-1-HardikMinochaESE-1/actions-runner/bin'
[2025-01-15 17:25:24Z INFO HostContext] Well known directory 'Root': '/home/hardik/Desktop/Test_Repo/assignment-1-HardikMinochaESE-1/actions-runner'
[2025-01-15 17:25:24Z INFO Listener] Validating directory permissions for: '/home/hardik/Desktop/Test_Repo/assignment-1-HardikMinochaESE-1/actions-runner'
[2025-01-15 17:25:24Z INFO CommandLineParser] Parse
[2025-01-15 17:25:24Z INFO CommandLineParser] Parsing 5 args
[2025-01-15 17:25:24Z INFO CommandLineParser] parsing argument
[2025-01-15 17:25:24Z INFO CommandLineParser] HasArgs: False
[2025-01-15 17:25:24Z INFO CommandLineParser] Adding Command: configure
[2025-01-15 17:25:24Z INFO CommandLineParser] parsing argument
[2025-01-15 17:25:24Z INFO CommandLineParser] HasArgs: True
[2025-01-15 17:25:24Z INFO CommandLineParser] arg: url
[2025-01-15 17:25:24Z INFO CommandLineParser] parsing argument
[2025-01-15 17:25:24Z INFO CommandLineParser] HasArgs: True
[2025-01-15 17:25:24Z INFO CommandLineParser] Adding option 'url': 'https://github.com/cu-ecen-aeld/assignment-1-HardikMinochaESE-1'
[2025-01-15 17:25:24Z INFO CommandLineParser] parsing argument
[2025-01-15 17:25:24Z INFO CommandLineParser] HasArgs: True
[2025-01-15 17:25:24Z INFO CommandLineParser] arg: token
[2025-01-15 17:25:24Z INFO CommandLineParser] parsing argument
[2025-01-15 17:25:24Z INFO CommandLineParser] HasArgs: True
[2025-01-15 17:25:24Z INFO CommandLineParser] Adding option 'token': '***'
[2025-01-15 17:25:24Z INFO Listener] Arguments parsed
[2025-01-15 17:25:24Z INFO Runner] ExecuteCommand
[2025-01-15 17:25:24Z INFO ConfigurationStore] currentAssemblyLocation: /home/hardik/Desktop/Test_Repo/assignment-1-HardikMinochaESE-1/actions-runner/bin/Runner.Listener.dll
[2025-01-15 17:25:24Z INFO HostContext] Well known directory 'Bin': '/home/hardik/Desktop/Test_Repo/assignment-1-HardikMinochaESE-1/actions-runner/bin'
[2025-01-15 17:25:24Z INFO ConfigurationStore] binPath: /home/hardik/Desktop/Test_Repo/assignment-1-HardikMinochaESE-1/actions-runner/bin
[2025-01-15 17:25:24Z INFO HostContext] Well known directory 'Bin': '/home/hardik/Desktop/Test_Repo/assignment-1-HardikMinochaESE-1/actions-runner/bin'
[2025-01-15 17:25:24Z INFO HostContext] Well known directory 'Root': '/home/hardik/Desktop/Test_Repo/assignment-1-HardikMinochaESE-1/actions-runner'
[2025-01-15 17:25:24Z INFO ConfigurationStore] RootFolder: /home/hardik/Desktop/Test_Repo/assignment-1-HardikMinochaESE-1/actions-runner
[2025-01-15 17:25:24Z INFO HostContext] Well known directory 'Bin': '/home/hardik/Desktop/Test_Repo/assignment-1-HardikMinochaESE-1/actions-runner/bin'
[2025-01-15 17:25:24Z INFO HostContext] Well known directory 'Root': '/home/hardik/Desktop/Test_Repo/assignment-1-HardikMinochaESE-1/actions-runner'
[2025-01-15 17:25:24Z INFO HostContext] Well known config file 'Runner': '/home/hardik/Desktop/Test_Repo/assignment-1-HardikMinochaESE-1/actions-runner/.runner'
[2025-01-15 17:25:24Z INFO ConfigurationStore] ConfigFilePath: /home/hardik/Desktop/Test_Repo/assignment-1-HardikMinochaESE-1/actions-runner/.runner
[2025-01-15 17:25:24Z INFO HostContext] Well known directory 'Bin': '/home/hardik/Desktop/Test_Repo/assignment-1-HardikMinochaESE-1/actions-runner/bin'
[2025-01-15 17:25:24Z INFO HostContext] Well known directory 'Root': '/home/hardik/Desktop/Test_Repo/assignment-1-HardikMinochaESE-1/actions-runner'
[2025-01-15 17:25:24Z INFO HostContext] Well known config file 'Credentials': '/home/hardik/Desktop/Test_Repo/assignment-1-HardikMinochaESE-1/actions-runner/.credentials'
[2025-01-15 17:25:24Z INFO ConfigurationStore] CredFilePath: /home/hardik/Desktop/Test_Repo/assignment-1-HardikMinochaESE-1/actions-runner/.credentials
[2025-01-15 17:25:24Z INFO HostContext] Well known directory 'Bin': '/home/hardik/Desktop/Test_Repo/assignment-1-HardikMinochaESE-1/actions-runner/bin'
[2025-01-15 17:25:24Z INFO HostContext] Well known directory 'Root': '/home/hardik/Desktop/Test_Repo/assignment-1-HardikMinochaESE-1/actions-runner'
[2025-01-15 17:25:24Z INFO HostContext] Well known config file 'MigratedCredentials': '/home/hardik/Desktop/Test_Repo/assignment-1-HardikMinochaESE-1/actions-runner/.credentials_migrated'
[2025-01-15 17:25:24Z INFO ConfigurationStore] MigratedCredFilePath: /home/hardik/Desktop/Test_Repo/assignment-1-HardikMinochaESE-1/actions-runner/.credentials_migrated
[2025-01-15 17:25:24Z INFO HostContext] Well known directory 'Bin': '/home/hardik/Desktop/Test_Repo/assignment-1-HardikMinochaESE-1/actions-runner/bin'
[2025-01-15 17:25:24Z INFO HostContext] Well known directory 'Root': '/home/hardik/Desktop/Test_Repo/assignment-1-HardikMinochaESE-1/actions-runner'
[2025-01-15 17:25:24Z INFO HostContext] Well known config file 'Service': '/home/hardik/Desktop/Test_Repo/assignment-1-HardikMinochaESE-1/actions-runner/.service'
[2025-01-15 17:25:24Z INFO ConfigurationStore] ServiceConfigFilePath: /home/hardik/Desktop/Test_Repo/assignment-1-HardikMinochaESE-1/actions-runner/.service
[2025-01-15 17:25:24Z INFO CommandSettings] Flag 'help': 'False'
[2025-01-15 17:25:24Z INFO CommandSettings] Flag 'version': 'False'
[2025-01-15 17:25:24Z INFO CommandSettings] Flag 'commit': 'False'
[2025-01-15 17:25:24Z INFO CommandSettings] Flag 'check': 'False'
[2025-01-15 17:25:24Z INFO CommandSettings] Command 'configure': 'True'
[2025-01-15 17:25:24Z INFO Terminal] WRITE LINE: 
[2025-01-15 17:25:24Z INFO Terminal] WRITE LINE: --------------------------------------------------------------------------------
[2025-01-15 17:25:24Z INFO Terminal] WRITE LINE: |        ____ _ _   _   _       _          _        _   _                      |
[2025-01-15 17:25:24Z INFO Terminal] WRITE LINE: |       / ___(_) |_| | | |_   _| |__      / \   ___| |_(_) ___  _ __  ___      |
[2025-01-15 17:25:24Z INFO Terminal] WRITE LINE: |      | |  _| | __| |_| | | | | '_ \    / _ \ / __| __| |/ _ \| '_ \/ __|     |
[2025-01-15 17:25:24Z INFO Terminal] WRITE LINE: |      | |_| | | |_|  _  | |_| | |_) |  / ___ \ (__| |_| | (_) | | | \__ \     |
[2025-01-15 17:25:24Z INFO Terminal] WRITE LINE: |       \____|_|\__|_| |_|\__,_|_.__/  /_/   \_\___|\__|_|\___/|_| |_|___/     |
[2025-01-15 17:25:24Z INFO Terminal] WRITE LINE: |                                                                              |
[2025-01-15 17:25:24Z INFO Terminal] WRITE: |                       
[2025-01-15 17:25:24Z INFO Terminal] WRITE: Self-hosted runner registration
[2025-01-15 17:25:24Z INFO Terminal] WRITE LINE:                         |
[2025-01-15 17:25:24Z INFO Terminal] WRITE LINE: |                                                                              |
[2025-01-15 17:25:24Z INFO Terminal] WRITE LINE: --------------------------------------------------------------------------------
[2025-01-15 17:25:24Z INFO ConfigurationManager] ConfigureAsync
[2025-01-15 17:25:24Z INFO CommandSettings] Flag 'generateServiceConfig': 'False'
[2025-01-15 17:25:24Z INFO ConfigurationStore] IsConfigured()
[2025-01-15 17:25:24Z INFO ConfigurationStore] IsConfigured: False
[2025-01-15 17:25:24Z INFO ConfigurationManager] Is configured: False
[2025-01-15 17:25:24Z INFO CommandSettings] Arg 'url': 'https://github.com/cu-ecen-aeld/assignment-1-HardikMinochaESE-1'
[2025-01-15 17:25:24Z INFO CommandSettings] Remove url from Arg dictionary.
[2025-01-15 17:25:24Z INFO CommandSettings] Arg 'token': '***'
[2025-01-15 17:25:24Z INFO CommandSettings] Remove token from Arg dictionary.
[2025-01-15 17:25:26Z INFO ConfigurationManager] Http response code: OK from 'POST https://api.github.com/actions/runner-registration' (C28B:B88DE:578BC8E:AF08D59:6787EF85)
[2025-01-15 17:25:26Z INFO ConfigurationManager] Using V2 flow: False
[2025-01-15 17:25:26Z INFO ConfigurationManager] cred retrieved via GitHub auth
[2025-01-15 17:25:26Z INFO RunnerServer] EstablishVssConnection
[2025-01-15 17:25:26Z INFO RunnerServer] Establish connection with 100 seconds timeout.
[2025-01-15 17:25:26Z INFO GitHubActionsService] Starting operation Location.GetConnectionData
[2025-01-15 17:25:26Z INFO RunnerServer] EstablishVssConnection
[2025-01-15 17:25:26Z INFO RunnerServer] Establish connection with 60 seconds timeout.
[2025-01-15 17:25:26Z INFO GitHubActionsService] Starting operation Location.GetConnectionData
[2025-01-15 17:25:26Z INFO RunnerServer] EstablishVssConnection
[2025-01-15 17:25:26Z INFO RunnerServer] Establish connection with 60 seconds timeout.
[2025-01-15 17:25:26Z INFO GitHubActionsService] Starting operation Location.GetConnectionData
[2025-01-15 17:25:27Z INFO GitHubActionsService] Finished operation Location.GetConnectionData
[2025-01-15 17:25:27Z INFO GitHubActionsService] Finished operation Location.GetConnectionData
[2025-01-15 17:25:27Z INFO GitHubActionsService] Finished operation Location.GetConnectionData
[2025-01-15 17:25:27Z INFO Terminal] WRITE LINE: 
[2025-01-15 17:25:27Z INFO ConfigurationManager] Test Connection complete.
[2025-01-15 17:25:27Z INFO HostContext] Well known directory 'Bin': '/home/hardik/Desktop/Test_Repo/assignment-1-HardikMinochaESE-1/actions-runner/bin'
[2025-01-15 17:25:27Z INFO HostContext] Well known directory 'Root': '/home/hardik/Desktop/Test_Repo/assignment-1-HardikMinochaESE-1/actions-runner'
[2025-01-15 17:25:27Z INFO HostContext] Well known config file 'RSACredentials': '/home/hardik/Desktop/Test_Repo/assignment-1-HardikMinochaESE-1/actions-runner/.credentials_rsaparams'
[2025-01-15 17:25:27Z INFO RSAFileKeyManager] Creating new RSA key using 2048-bit key length
[2025-01-15 17:25:28Z INFO RSAFileKeyManager] Successfully saved RSA key parameters to file /home/hardik/Desktop/Test_Repo/assignment-1-HardikMinochaESE-1/actions-runner/.credentials_rsaparams
[2025-01-15 17:25:28Z INFO RSAFileKeyManager] Which2: 'chmod'
[2025-01-15 17:25:28Z INFO RSAFileKeyManager] Location: '/usr/bin/chmod'
[2025-01-15 17:25:28Z INFO HostContext] Well known directory 'Bin': '/home/hardik/Desktop/Test_Repo/assignment-1-HardikMinochaESE-1/actions-runner/bin'
[2025-01-15 17:25:28Z INFO HostContext] Well known directory 'Root': '/home/hardik/Desktop/Test_Repo/assignment-1-HardikMinochaESE-1/actions-runner'
[2025-01-15 17:25:28Z INFO ProcessInvokerWrapper] Starting process:
[2025-01-15 17:25:28Z INFO ProcessInvokerWrapper]   File name: '/usr/bin/chmod'
[2025-01-15 17:25:28Z INFO ProcessInvokerWrapper]   Arguments: '600 /home/hardik/Desktop/Test_Repo/assignment-1-HardikMinochaESE-1/actions-runner/.credentials_rsaparams'
[2025-01-15 17:25:28Z INFO ProcessInvokerWrapper]   Working directory: '/home/hardik/Desktop/Test_Repo/assignment-1-HardikMinochaESE-1/actions-runner'
[2025-01-15 17:25:28Z INFO ProcessInvokerWrapper]   Require exit code zero: 'False'
[2025-01-15 17:25:28Z INFO ProcessInvokerWrapper]   Encoding web name:  ; code page: ''
[2025-01-15 17:25:28Z INFO ProcessInvokerWrapper]   Force kill process on cancellation: 'False'
[2025-01-15 17:25:28Z INFO ProcessInvokerWrapper]   Redirected STDIN: 'False'
[2025-01-15 17:25:28Z INFO ProcessInvokerWrapper]   Persist current code page: 'False'
[2025-01-15 17:25:28Z INFO ProcessInvokerWrapper]   Keep redirected STDIN open: 'False'
[2025-01-15 17:25:28Z INFO ProcessInvokerWrapper]   High priority process: 'False'
[2025-01-15 17:25:28Z INFO ProcessInvokerWrapper] Failed to update oom_score_adj for PID: 72296.
[2025-01-15 17:25:28Z INFO ProcessInvokerWrapper] System.UnauthorizedAccessException: Access to the path '/proc/72296/oom_score_adj' is denied.
 ---> System.IO.IOException: Permission denied
   --- End of inner exception stack trace ---
   at Interop.ThrowExceptionForIoErrno(ErrorInfo errorInfo, String path, Boolean isDirError)
   at Microsoft.Win32.SafeHandles.SafeFileHandle.Open(String path, OpenFlags flags, Int32 mode, Boolean failForSymlink, Boolean& wasSymlink, Func`4 createOpenException)
   at Microsoft.Win32.SafeHandles.SafeFileHandle.Open(String fullPath, FileMode mode, FileAccess access, FileShare share, FileOptions options, Int64 preallocationSize, UnixFileMode openPermissions, Int64& fileLength, UnixFileMode& filePermissions, Boolean failForSymlink, Boolean& wasSymlink, Func`4 createOpenException)
   at System.IO.File.OpenHandle(String path, FileMode mode, FileAccess access, FileShare share, FileOptions options, Int64 preallocationSize)
   at System.IO.File.WriteToFile(String path, FileMode mode, String contents, Encoding encoding)
   at GitHub.Runner.Sdk.ProcessInvoker.WriteProcessOomScoreAdj(Int32 processId, Int32 oomScoreAdj)
[2025-01-15 17:25:28Z INFO ProcessInvokerWrapper] Process started with process id 72296, waiting for process exit.
[2025-01-15 17:25:28Z INFO ProcessInvokerWrapper] STDOUT/STDERR stream read finished.
[2025-01-15 17:25:28Z INFO ProcessInvokerWrapper] STDOUT/STDERR stream read finished.
[2025-01-15 17:25:28Z INFO ProcessInvokerWrapper] Finished process 72296 with exit code 0, and elapsed time 00:00:00.0333467.
[2025-01-15 17:25:28Z INFO RSAFileKeyManager] Successfully set permissions for RSA key parameters file /home/hardik/Desktop/Test_Repo/assignment-1-HardikMinochaESE-1/actions-runner/.credentials_rsaparams
[2025-01-15 17:25:28Z INFO CommandSettings] Arg 'runnergroup': ''
[2025-01-15 17:25:28Z INFO CommandSettings] Flag 'unattended': 'False'
[2025-01-15 17:25:28Z INFO PromptManager] ReadValue
[2025-01-15 17:25:28Z INFO Terminal] WRITE: Enter the name of the runner group to add this runner to: 
[2025-01-15 17:25:28Z INFO Terminal] WRITE: [press Enter for Default] 
[2025-01-15 17:25:28Z INFO Terminal] READ LINE
[2025-01-15 17:25:41Z INFO Terminal] Read value: 'AESD_Assgn1'
[2025-01-15 17:25:41Z INFO Terminal] WRITE LINE: 
[2025-01-15 17:25:41Z ERR  Runner] GitHub.DistributedTask.WebApi.TaskAgentPoolNotFoundException: Could not find any self-hosted runner group named "AESD_Assgn1".
   at GitHub.Runner.Listener.Configuration.ConfigurationManager.ConfigureAsync(CommandSettings command)
   at GitHub.Runner.Listener.Runner.ExecuteCommand(CommandSettings command)
[2025-01-15 17:25:41Z ERR  Terminal] WRITE ERROR: Could not find any self-hosted runner group named "AESD_Assgn1".
[2025-01-15 17:25:41Z INFO Listener] Runner execution has finished with return code 1
