[2025-02-05 08:12:43Z INFO HostContext] No proxy settings were found based on environmental variables (http_proxy/https_proxy/HTTP_PROXY/HTTPS_PROXY)
[2025-02-05 08:12:43Z INFO HostContext] Well known directory 'Bin': '/home/hardik/Desktop/Assignment-1/assignment-1-HardikMinochaESE-1/actions-runner/bin'
[2025-02-05 08:12:43Z INFO HostContext] Well known directory 'Root': '/home/hardik/Desktop/Assignment-1/assignment-1-HardikMinochaESE-1/actions-runner'
[2025-02-05 08:12:43Z INFO HostContext] Well known config file 'Credentials': '/home/hardik/Desktop/Assignment-1/assignment-1-HardikMinochaESE-1/actions-runner/.credentials'
[2025-02-05 08:12:43Z INFO HostContext] Well known directory 'Bin': '/home/hardik/Desktop/Assignment-1/assignment-1-HardikMinochaESE-1/actions-runner/bin'
[2025-02-05 08:12:43Z INFO HostContext] Well known directory 'Root': '/home/hardik/Desktop/Assignment-1/assignment-1-HardikMinochaESE-1/actions-runner'
[2025-02-05 08:12:43Z INFO HostContext] Well known config file 'Runner': '/home/hardik/Desktop/Assignment-1/assignment-1-HardikMinochaESE-1/actions-runner/.runner'
[2025-02-05 08:12:44Z INFO Listener] Runner is built for Linux (X64) - linux-x64.
[2025-02-05 08:12:44Z INFO Listener] RuntimeInformation: Ubuntu 22.04.5 LTS.
[2025-02-05 08:12:44Z INFO Listener] Version: 2.322.0
[2025-02-05 08:12:44Z INFO Listener] Commit: 0edc478ca75d0a753dcbcec7405f3f26db67b1ac
[2025-02-05 08:12:44Z INFO Listener] Culture: en-IN
[2025-02-05 08:12:44Z INFO Listener] UI Culture: en-IN
[2025-02-05 08:12:44Z INFO HostContext] Well known directory 'Bin': '/home/hardik/Desktop/Assignment-1/assignment-1-HardikMinochaESE-1/actions-runner/bin'
[2025-02-05 08:12:44Z INFO HostContext] Well known directory 'Root': '/home/hardik/Desktop/Assignment-1/assignment-1-HardikMinochaESE-1/actions-runner'
[2025-02-05 08:12:44Z INFO Listener] Validating directory permissions for: '/home/hardik/Desktop/Assignment-1/assignment-1-HardikMinochaESE-1/actions-runner'
[2025-02-05 08:12:44Z INFO CommandLineParser] Parse
[2025-02-05 08:12:44Z INFO CommandLineParser] Parsing 1 args
[2025-02-05 08:12:44Z INFO CommandLineParser] parsing argument
[2025-02-05 08:12:44Z INFO CommandLineParser] HasArgs: False
[2025-02-05 08:12:44Z INFO CommandLineParser] Adding Command: run
[2025-02-05 08:12:44Z INFO Listener] Arguments parsed
[2025-02-05 08:12:44Z INFO Runner] ExecuteCommand
[2025-02-05 08:12:44Z INFO ConfigurationStore] currentAssemblyLocation: /home/hardik/Desktop/Assignment-1/assignment-1-HardikMinochaESE-1/actions-runner/bin/Runner.Listener.dll
[2025-02-05 08:12:44Z INFO HostContext] Well known directory 'Bin': '/home/hardik/Desktop/Assignment-1/assignment-1-HardikMinochaESE-1/actions-runner/bin'
[2025-02-05 08:12:44Z INFO ConfigurationStore] binPath: /home/hardik/Desktop/Assignment-1/assignment-1-HardikMinochaESE-1/actions-runner/bin
[2025-02-05 08:12:44Z INFO HostContext] Well known directory 'Bin': '/home/hardik/Desktop/Assignment-1/assignment-1-HardikMinochaESE-1/actions-runner/bin'
[2025-02-05 08:12:44Z INFO HostContext] Well known directory 'Root': '/home/hardik/Desktop/Assignment-1/assignment-1-HardikMinochaESE-1/actions-runner'
[2025-02-05 08:12:44Z INFO ConfigurationStore] RootFolder: /home/hardik/Desktop/Assignment-1/assignment-1-HardikMinochaESE-1/actions-runner
[2025-02-05 08:12:44Z INFO HostContext] Well known directory 'Bin': '/home/hardik/Desktop/Assignment-1/assignment-1-HardikMinochaESE-1/actions-runner/bin'
[2025-02-05 08:12:44Z INFO HostContext] Well known directory 'Root': '/home/hardik/Desktop/Assignment-1/assignment-1-HardikMinochaESE-1/actions-runner'
[2025-02-05 08:12:44Z INFO HostContext] Well known config file 'Runner': '/home/hardik/Desktop/Assignment-1/assignment-1-HardikMinochaESE-1/actions-runner/.runner'
[2025-02-05 08:12:44Z INFO ConfigurationStore] ConfigFilePath: /home/hardik/Desktop/Assignment-1/assignment-1-HardikMinochaESE-1/actions-runner/.runner
[2025-02-05 08:12:44Z INFO HostContext] Well known directory 'Bin': '/home/hardik/Desktop/Assignment-1/assignment-1-HardikMinochaESE-1/actions-runner/bin'
[2025-02-05 08:12:44Z INFO HostContext] Well known directory 'Root': '/home/hardik/Desktop/Assignment-1/assignment-1-HardikMinochaESE-1/actions-runner'
[2025-02-05 08:12:44Z INFO HostContext] Well known config file 'Credentials': '/home/hardik/Desktop/Assignment-1/assignment-1-HardikMinochaESE-1/actions-runner/.credentials'
[2025-02-05 08:12:44Z INFO ConfigurationStore] CredFilePath: /home/hardik/Desktop/Assignment-1/assignment-1-HardikMinochaESE-1/actions-runner/.credentials
[2025-02-05 08:12:44Z INFO HostContext] Well known directory 'Bin': '/home/hardik/Desktop/Assignment-1/assignment-1-HardikMinochaESE-1/actions-runner/bin'
[2025-02-05 08:12:44Z INFO HostContext] Well known directory 'Root': '/home/hardik/Desktop/Assignment-1/assignment-1-HardikMinochaESE-1/actions-runner'
[2025-02-05 08:12:44Z INFO HostContext] Well known config file 'MigratedCredentials': '/home/hardik/Desktop/Assignment-1/assignment-1-HardikMinochaESE-1/actions-runner/.credentials_migrated'
[2025-02-05 08:12:44Z INFO ConfigurationStore] MigratedCredFilePath: /home/hardik/Desktop/Assignment-1/assignment-1-HardikMinochaESE-1/actions-runner/.credentials_migrated
[2025-02-05 08:12:44Z INFO HostContext] Well known directory 'Bin': '/home/hardik/Desktop/Assignment-1/assignment-1-HardikMinochaESE-1/actions-runner/bin'
[2025-02-05 08:12:44Z INFO HostContext] Well known directory 'Root': '/home/hardik/Desktop/Assignment-1/assignment-1-HardikMinochaESE-1/actions-runner'
[2025-02-05 08:12:44Z INFO HostContext] Well known config file 'Service': '/home/hardik/Desktop/Assignment-1/assignment-1-HardikMinochaESE-1/actions-runner/.service'
[2025-02-05 08:12:44Z INFO ConfigurationStore] ServiceConfigFilePath: /home/hardik/Desktop/Assignment-1/assignment-1-HardikMinochaESE-1/actions-runner/.service
[2025-02-05 08:12:44Z INFO CommandSettings] Flag 'help': 'False'
[2025-02-05 08:12:44Z INFO CommandSettings] Flag 'version': 'False'
[2025-02-05 08:12:44Z INFO CommandSettings] Flag 'commit': 'False'
[2025-02-05 08:12:44Z INFO CommandSettings] Flag 'check': 'False'
[2025-02-05 08:12:44Z INFO CommandSettings] Command 'configure': 'False'
[2025-02-05 08:12:44Z INFO CommandSettings] Command 'remove': 'False'
[2025-02-05 08:12:44Z INFO CommandSettings] Command 'warmup': 'False'
[2025-02-05 08:12:44Z INFO ConfigurationManager] LoadSettings
[2025-02-05 08:12:44Z INFO ConfigurationStore] IsConfigured()
[2025-02-05 08:12:44Z INFO ConfigurationStore] IsConfigured: True
[2025-02-05 08:12:44Z INFO ConfigurationManager] Is configured: True
[2025-02-05 08:12:44Z INFO ConfigurationStore] Read setting file: 325 chars
[2025-02-05 08:12:44Z INFO ConfigurationManager] Settings Loaded
[2025-02-05 08:12:44Z INFO ConfigurationStore] IsServiceConfigured()
[2025-02-05 08:12:44Z INFO ConfigurationStore] IsServiceConfigured: False
[2025-02-05 08:12:44Z INFO CommandSettings] Command 'run': 'True'
[2025-02-05 08:12:44Z INFO ConfigurationStore] IsConfigured()
[2025-02-05 08:12:44Z INFO ConfigurationStore] IsConfigured: True
[2025-02-05 08:12:44Z INFO ConfigurationManager] Is configured: True
[2025-02-05 08:12:44Z INFO Runner] Could not parse the argument value '' for StartupType. Defaulting to Manual
[2025-02-05 08:12:44Z INFO Runner] Set runner startup type - Manual
[2025-02-05 08:12:44Z INFO CommandSettings] Flag 'once': 'False'
[2025-02-05 08:12:44Z INFO CommandSettings] Flag 'once': 'False'
[2025-02-05 08:12:44Z INFO Runner] RunAsync
[2025-02-05 08:12:44Z INFO ConfigurationManager] LoadSettings
[2025-02-05 08:12:44Z INFO ConfigurationStore] IsConfigured()
[2025-02-05 08:12:44Z INFO ConfigurationStore] IsConfigured: True
[2025-02-05 08:12:44Z INFO ConfigurationManager] Is configured: True
[2025-02-05 08:12:44Z INFO ConfigurationManager] Settings Loaded
[2025-02-05 08:12:44Z INFO MessageListener] {
  "AgentId": 2,
  "AgentName": "AESD-3",
  "PoolId": 1,
  "PoolName": "Default",
  "ServerUrl": "https://pipelinesghubeus6.actions.githubusercontent.com/JxQeg6iB4GGvE3bMtDlNUb9oaNj8vtBGdA1j4tszZae3a17EQj/",
  "GitHubUrl": "https://github.com/cu-ecen-aeld/assignments-3-and-later-HardikMinochaESE",
  "WorkFolder": "_work"
}
[2025-02-05 08:12:44Z INFO MessageListener] Loading Credentials
[2025-02-05 08:12:44Z INFO ConfigurationStore] HasCredentials()
[2025-02-05 08:12:44Z INFO ConfigurationStore] stored True
[2025-02-05 08:12:44Z INFO CredentialManager] GetCredentialProvider
[2025-02-05 08:12:44Z INFO CredentialManager] Creating type OAuth
[2025-02-05 08:12:44Z INFO CredentialManager] Creating credential type: OAuth
[2025-02-05 08:12:44Z INFO HostContext] Well known directory 'Bin': '/home/hardik/Desktop/Assignment-1/assignment-1-HardikMinochaESE-1/actions-runner/bin'
[2025-02-05 08:12:44Z INFO HostContext] Well known directory 'Root': '/home/hardik/Desktop/Assignment-1/assignment-1-HardikMinochaESE-1/actions-runner'
[2025-02-05 08:12:44Z INFO HostContext] Well known config file 'RSACredentials': '/home/hardik/Desktop/Assignment-1/assignment-1-HardikMinochaESE-1/actions-runner/.credentials_rsaparams'
[2025-02-05 08:12:44Z INFO RSAFileKeyManager] Loading RSA key parameters from file /home/hardik/Desktop/Assignment-1/assignment-1-HardikMinochaESE-1/actions-runner/.credentials_rsaparams
[2025-02-05 08:12:44Z INFO MessageListener] Attempt to create session.
[2025-02-05 08:12:44Z INFO MessageListener] Connecting to the Runner Server...
[2025-02-05 08:12:44Z INFO RunnerServer] EstablishVssConnection
[2025-02-05 08:12:44Z INFO RunnerServer] Establish connection with 100 seconds timeout.
[2025-02-05 08:12:44Z INFO GitHubActionsService] Starting operation Location.GetConnectionData
[2025-02-05 08:12:44Z INFO RunnerServer] EstablishVssConnection
[2025-02-05 08:12:44Z INFO RunnerServer] Establish connection with 60 seconds timeout.
[2025-02-05 08:12:45Z INFO GitHubActionsService] Starting operation Location.GetConnectionData
[2025-02-05 08:12:45Z INFO RunnerServer] EstablishVssConnection
[2025-02-05 08:12:45Z INFO RunnerServer] Establish connection with 60 seconds timeout.
[2025-02-05 08:12:45Z INFO GitHubActionsService] Starting operation Location.GetConnectionData
[2025-02-05 08:12:46Z INFO GitHubActionsService] Finished operation Location.GetConnectionData
[2025-02-05 08:12:46Z INFO GitHubActionsService] Finished operation Location.GetConnectionData
[2025-02-05 08:12:47Z INFO GitHubActionsService] Finished operation Location.GetConnectionData
[2025-02-05 08:12:47Z INFO MessageListener] VssConnection created
[2025-02-05 08:12:47Z INFO Terminal] WRITE LINE: 
[2025-02-05 08:12:47Z INFO Terminal] WRITE LINE: 
[2025-02-05 08:12:47Z INFO RSAFileKeyManager] Loading RSA key parameters from file /home/hardik/Desktop/Assignment-1/assignment-1-HardikMinochaESE-1/actions-runner/.credentials_rsaparams
[2025-02-05 08:12:47Z INFO RSAFileKeyManager] Loading RSA key parameters from file /home/hardik/Desktop/Assignment-1/assignment-1-HardikMinochaESE-1/actions-runner/.credentials_rsaparams
[2025-02-05 08:12:47Z INFO GitHubActionsService] AAD Correlation ID for this token request: Unknown
[2025-02-05 08:12:48Z INFO MessageListener] Session created.
[2025-02-05 08:12:48Z INFO Terminal] WRITE LINE: Current runner version: '2.322.0'
[2025-02-05 08:12:48Z INFO Terminal] WRITE LINE: 2025-02-05 08:12:48Z: Listening for Jobs
[2025-02-05 08:12:48Z INFO JobDispatcher] Set runner/worker IPC timeout to 30 seconds.
[2025-02-05 08:12:48Z INFO RSAFileKeyManager] Loading RSA key parameters from file /home/hardik/Desktop/Assignment-1/assignment-1-HardikMinochaESE-1/actions-runner/.credentials_rsaparams
[2025-02-05 08:12:48Z INFO GitHubActionsService] AAD Correlation ID for this token request: Unknown
[2025-02-05 08:12:50Z INFO MessageListener] Message '3017777648716146026' received from session '92a11acf-5fa4-440e-a579-8a97aa7916a4'.
[2025-02-05 08:12:50Z INFO ConfigurationStore] HasCredentials()
[2025-02-05 08:12:50Z INFO ConfigurationStore] stored True
[2025-02-05 08:12:50Z INFO CredentialManager] GetCredentialProvider
[2025-02-05 08:12:50Z INFO CredentialManager] Creating type OAuth
[2025-02-05 08:12:50Z INFO CredentialManager] Creating credential type: OAuth
[2025-02-05 08:12:50Z INFO RSAFileKeyManager] Loading RSA key parameters from file /home/hardik/Desktop/Assignment-1/assignment-1-HardikMinochaESE-1/actions-runner/.credentials_rsaparams
[2025-02-05 08:12:50Z INFO ActionsRunServer] EstablishVssConnection
[2025-02-05 08:12:50Z INFO ActionsRunServer] Establish connection with 100 seconds timeout.
[2025-02-05 08:12:50Z INFO GitHubActionsService] Starting operation Location.GetConnectionData
[2025-02-05 08:12:52Z INFO GitHubActionsService] Finished operation Location.GetConnectionData
[2025-02-05 08:12:52Z INFO RSAFileKeyManager] Loading RSA key parameters from file /home/hardik/Desktop/Assignment-1/assignment-1-HardikMinochaESE-1/actions-runner/.credentials_rsaparams
[2025-02-05 08:12:52Z INFO RSAFileKeyManager] Loading RSA key parameters from file /home/hardik/Desktop/Assignment-1/assignment-1-HardikMinochaESE-1/actions-runner/.credentials_rsaparams
[2025-02-05 08:12:53Z INFO GitHubActionsService] AAD Correlation ID for this token request: Unknown
[2025-02-05 08:12:53Z INFO JobDispatcher] Job request 3 for plan 3c14f684-89c9-4fbe-b102-9f54acb5dee4 job 0e10f8dd-85b5-5bee-19c6-47fc7db6f171 received.
[2025-02-05 08:12:53Z INFO JobDispatcher] Pull OrchestrationId 3c14f684-89c9-4fbe-b102-9f54acb5dee4.unit-test.__default from JWT claims
[2025-02-05 08:12:53Z INFO MessageListener] Received job status event. JobState: Busy
[2025-02-05 08:12:53Z INFO MessageListener] _getMessagesTokenSource is already disposed.
[2025-02-05 08:12:53Z INFO Terminal] WRITE LINE: 2025-02-05 08:12:53Z: Running job: unit-test
[2025-02-05 08:12:53Z INFO JobDispatcher] Start renew job request 3 for job 0e10f8dd-85b5-5bee-19c6-47fc7db6f171.
[2025-02-05 08:12:53Z INFO JobDispatcher] Successfully renew job request 3, job is valid till 05/02/2025 8:22:53 am
[2025-02-05 08:12:53Z INFO HostContext] Well known directory 'Bin': '/home/hardik/Desktop/Assignment-1/assignment-1-HardikMinochaESE-1/actions-runner/bin'
[2025-02-05 08:12:53Z INFO ProcessInvokerWrapper] Starting process:
[2025-02-05 08:12:53Z INFO ProcessInvokerWrapper]   File name: '/home/hardik/Desktop/Assignment-1/assignment-1-HardikMinochaESE-1/actions-runner/bin/Runner.Worker'
[2025-02-05 08:12:53Z INFO ProcessInvokerWrapper]   Arguments: 'spawnclient 148 151'
[2025-02-05 08:12:53Z INFO ProcessInvokerWrapper]   Working directory: '/home/hardik/Desktop/Assignment-1/assignment-1-HardikMinochaESE-1/actions-runner/bin'
[2025-02-05 08:12:53Z INFO ProcessInvokerWrapper]   Require exit code zero: 'False'
[2025-02-05 08:12:53Z INFO ProcessInvokerWrapper]   Encoding web name:  ; code page: ''
[2025-02-05 08:12:53Z INFO ProcessInvokerWrapper]   Force kill process on cancellation: 'True'
[2025-02-05 08:12:53Z INFO ProcessInvokerWrapper]   Redirected STDIN: 'False'
[2025-02-05 08:12:53Z INFO ProcessInvokerWrapper]   Persist current code page: 'False'
[2025-02-05 08:12:53Z INFO ProcessInvokerWrapper]   Keep redirected STDIN open: 'False'
[2025-02-05 08:12:53Z INFO ProcessInvokerWrapper]   High priority process: 'True'
[2025-02-05 08:12:53Z INFO ProcessInvokerWrapper] Process started with process id 132194, waiting for process exit.
[2025-02-05 08:12:53Z INFO JobDispatcher] Send job request message to worker for job 0e10f8dd-85b5-5bee-19c6-47fc7db6f171.
[2025-02-05 08:12:53Z INFO ProcessChannel] Sending message of length 27117, with hash 'efd8b5f68454c0b9f163a6ce6c8795586dbdb14ef2188ccba55c5edeb0887a62'
[2025-02-05 08:12:53Z INFO JobNotification] Entering JobStarted Notification
[2025-02-05 08:12:53Z INFO JobNotification] Entering StartMonitor
[2025-02-05 08:13:42Z INFO MessageListener] Message '1380873872773596037' received from session '92a11acf-5fa4-440e-a579-8a97aa7916a4'.
[2025-02-05 08:13:42Z INFO JobDispatcher] Job cancellation request 0e10f8dd-85b5-5bee-19c6-47fc7db6f171 received, cancellation timeout 5 minutes.
[2025-02-05 08:13:42Z INFO JobDispatcher] Send job cancellation message to worker for job 0e10f8dd-85b5-5bee-19c6-47fc7db6f171.
[2025-02-05 08:13:42Z INFO ProcessChannel] Sending message of length 0, with hash 'e3b0c44298fc1c149afbf4c8996fb92427ae41e4649b934ca495991b7852b855'
[2025-02-05 08:13:48Z INFO ProcessInvokerWrapper] STDOUT/STDERR stream read finished.
[2025-02-05 08:13:48Z INFO ProcessInvokerWrapper] STDOUT/STDERR stream read finished.
[2025-02-05 08:13:48Z INFO ProcessInvokerWrapper] Finished process 132194 with exit code 103, and elapsed time 00:00:55.0942511.
[2025-02-05 08:13:48Z INFO JobDispatcher] finish job request for job 0e10f8dd-85b5-5bee-19c6-47fc7db6f171 with result: Canceled
[2025-02-05 08:13:48Z INFO Terminal] WRITE LINE: 2025-02-05 08:13:48Z: Job unit-test completed with result: Canceled
[2025-02-05 08:13:48Z INFO JobDispatcher] Stop renew job request for job 0e10f8dd-85b5-5bee-19c6-47fc7db6f171.
[2025-02-05 08:13:48Z INFO JobDispatcher] job renew has been cancelled, stop renew job request 3.
[2025-02-05 08:13:48Z INFO JobNotification] Entering JobCompleted Notification
[2025-02-05 08:13:48Z INFO JobNotification] Entering EndMonitor
[2025-02-05 08:13:48Z INFO MessageListener] Received job status event. JobState: Online
[2025-02-05 08:13:49Z INFO MessageListener] Message '2255389603619893658' received from session '92a11acf-5fa4-440e-a579-8a97aa7916a4'.
[2025-02-05 08:13:49Z INFO ConfigurationStore] HasCredentials()
[2025-02-05 08:13:49Z INFO ConfigurationStore] stored True
[2025-02-05 08:13:49Z INFO CredentialManager] GetCredentialProvider
[2025-02-05 08:13:49Z INFO CredentialManager] Creating type OAuth
[2025-02-05 08:13:49Z INFO CredentialManager] Creating credential type: OAuth
[2025-02-05 08:13:49Z INFO RSAFileKeyManager] Loading RSA key parameters from file /home/hardik/Desktop/Assignment-1/assignment-1-HardikMinochaESE-1/actions-runner/.credentials_rsaparams
[2025-02-05 08:13:49Z INFO ActionsRunServer] EstablishVssConnection
[2025-02-05 08:13:49Z INFO ActionsRunServer] Establish connection with 100 seconds timeout.
[2025-02-05 08:13:49Z INFO GitHubActionsService] Starting operation Location.GetConnectionData
[2025-02-05 08:13:50Z INFO GitHubActionsService] Finished operation Location.GetConnectionData
[2025-02-05 08:13:50Z INFO RSAFileKeyManager] Loading RSA key parameters from file /home/hardik/Desktop/Assignment-1/assignment-1-HardikMinochaESE-1/actions-runner/.credentials_rsaparams
[2025-02-05 08:13:50Z INFO RSAFileKeyManager] Loading RSA key parameters from file /home/hardik/Desktop/Assignment-1/assignment-1-HardikMinochaESE-1/actions-runner/.credentials_rsaparams
[2025-02-05 08:13:50Z INFO GitHubActionsService] AAD Correlation ID for this token request: Unknown
[2025-02-05 08:13:50Z INFO JobDispatcher] Job request 6 for plan ed415678-de64-42a9-84cf-217e54b01c94 job 0e10f8dd-85b5-5bee-19c6-47fc7db6f171 received.
[2025-02-05 08:13:50Z INFO JobDispatcher] Pull OrchestrationId ed415678-de64-42a9-84cf-217e54b01c94.unit-test.__default from JWT claims
[2025-02-05 08:13:50Z INFO MessageListener] Received job status event. JobState: Busy
[2025-02-05 08:13:50Z INFO MessageListener] _getMessagesTokenSource is already disposed.
[2025-02-05 08:13:50Z INFO JobDispatcher] Job request 0e10f8dd-85b5-5bee-19c6-47fc7db6f171 processed succeed.
[2025-02-05 08:13:50Z INFO Terminal] WRITE LINE: 2025-02-05 08:13:50Z: Running job: unit-test
[2025-02-05 08:13:50Z INFO JobDispatcher] Start renew job request 6 for job 0e10f8dd-85b5-5bee-19c6-47fc7db6f171.
[2025-02-05 08:13:51Z INFO JobDispatcher] Successfully renew job request 6, job is valid till 05/02/2025 8:23:51 am
[2025-02-05 08:13:51Z INFO HostContext] Well known directory 'Bin': '/home/hardik/Desktop/Assignment-1/assignment-1-HardikMinochaESE-1/actions-runner/bin'
[2025-02-05 08:13:51Z INFO ProcessInvokerWrapper] Starting process:
[2025-02-05 08:13:51Z INFO ProcessInvokerWrapper]   File name: '/home/hardik/Desktop/Assignment-1/assignment-1-HardikMinochaESE-1/actions-runner/bin/Runner.Worker'
[2025-02-05 08:13:51Z INFO ProcessInvokerWrapper]   Arguments: 'spawnclient 150 154'
[2025-02-05 08:13:51Z INFO ProcessInvokerWrapper]   Working directory: '/home/hardik/Desktop/Assignment-1/assignment-1-HardikMinochaESE-1/actions-runner/bin'
[2025-02-05 08:13:51Z INFO ProcessInvokerWrapper]   Require exit code zero: 'False'
[2025-02-05 08:13:51Z INFO ProcessInvokerWrapper]   Encoding web name:  ; code page: ''
[2025-02-05 08:13:51Z INFO ProcessInvokerWrapper]   Force kill process on cancellation: 'True'
[2025-02-05 08:13:51Z INFO ProcessInvokerWrapper]   Redirected STDIN: 'False'
[2025-02-05 08:13:51Z INFO ProcessInvokerWrapper]   Persist current code page: 'False'
[2025-02-05 08:13:51Z INFO ProcessInvokerWrapper]   Keep redirected STDIN open: 'False'
[2025-02-05 08:13:51Z INFO ProcessInvokerWrapper]   High priority process: 'True'
[2025-02-05 08:13:51Z INFO ProcessInvokerWrapper] Process started with process id 132882, waiting for process exit.
[2025-02-05 08:13:51Z INFO JobDispatcher] Send job request message to worker for job 0e10f8dd-85b5-5bee-19c6-47fc7db6f171.
[2025-02-05 08:13:51Z INFO ProcessChannel] Sending message of length 27165, with hash '7bd31cc64ede388c826b2a4fc8290bd1c0a7b0f738fa27af8b7e46e24d241743'
[2025-02-05 08:13:51Z INFO JobNotification] Entering JobStarted Notification
[2025-02-05 08:13:51Z INFO JobNotification] Entering StartMonitor
[2025-02-05 08:13:52Z INFO MessageListener] Message '2112627532835649224' received from session '92a11acf-5fa4-440e-a579-8a97aa7916a4'.
[2025-02-05 08:13:52Z INFO JobDispatcher] Job cancellation request 0e10f8dd-85b5-5bee-19c6-47fc7db6f171 received, cancellation timeout 5 minutes.
[2025-02-05 08:13:52Z INFO JobDispatcher] Send job cancellation message to worker for job 0e10f8dd-85b5-5bee-19c6-47fc7db6f171.
[2025-02-05 08:13:52Z INFO ProcessChannel] Sending message of length 0, with hash 'e3b0c44298fc1c149afbf4c8996fb92427ae41e4649b934ca495991b7852b855'
[2025-02-05 08:13:54Z INFO MessageListener] Message '5760243682648527508' received from session '92a11acf-5fa4-440e-a579-8a97aa7916a4'.
[2025-02-05 08:13:54Z INFO JobDispatcher] Job cancellation request 0e10f8dd-85b5-5bee-19c6-47fc7db6f171 received, cancellation timeout 5 minutes.
[2025-02-05 08:13:56Z INFO MessageListener] Message '127818553904346110' received from session '92a11acf-5fa4-440e-a579-8a97aa7916a4'.
[2025-02-05 08:13:56Z INFO JobDispatcher] Job cancellation request 0e10f8dd-85b5-5bee-19c6-47fc7db6f171 received, cancellation timeout 5 minutes.
[2025-02-05 08:13:58Z INFO MessageListener] Message '165033556526633976' received from session '92a11acf-5fa4-440e-a579-8a97aa7916a4'.
[2025-02-05 08:13:58Z INFO JobDispatcher] Job cancellation request 0e10f8dd-85b5-5bee-19c6-47fc7db6f171 received, cancellation timeout 5 minutes.
[2025-02-05 08:13:58Z INFO ProcessInvokerWrapper] STDOUT/STDERR stream read finished.
[2025-02-05 08:13:58Z INFO ProcessInvokerWrapper] STDOUT/STDERR stream read finished.
[2025-02-05 08:13:58Z INFO ProcessInvokerWrapper] Finished process 132882 with exit code 103, and elapsed time 00:00:07.4273654.
[2025-02-05 08:13:58Z INFO JobDispatcher] finish job request for job 0e10f8dd-85b5-5bee-19c6-47fc7db6f171 with result: Canceled
[2025-02-05 08:13:58Z INFO Terminal] WRITE LINE: 2025-02-05 08:13:58Z: Job unit-test completed with result: Canceled
[2025-02-05 08:13:58Z INFO JobDispatcher] Stop renew job request for job 0e10f8dd-85b5-5bee-19c6-47fc7db6f171.
[2025-02-05 08:13:58Z INFO JobDispatcher] job renew has been cancelled, stop renew job request 6.
[2025-02-05 08:13:58Z INFO JobNotification] Entering JobCompleted Notification
[2025-02-05 08:13:58Z INFO JobNotification] Entering EndMonitor
[2025-02-05 08:13:58Z INFO MessageListener] Received job status event. JobState: Online
[2025-02-05 08:13:58Z INFO MessageListener] _getMessagesTokenSource is already disposed.
[2025-02-05 08:13:59Z INFO MessageListener] Message '282023897806349783' received from session '92a11acf-5fa4-440e-a579-8a97aa7916a4'.
[2025-02-05 08:13:59Z INFO ConfigurationStore] HasCredentials()
[2025-02-05 08:13:59Z INFO ConfigurationStore] stored True
[2025-02-05 08:13:59Z INFO CredentialManager] GetCredentialProvider
[2025-02-05 08:13:59Z INFO CredentialManager] Creating type OAuth
[2025-02-05 08:13:59Z INFO CredentialManager] Creating credential type: OAuth
[2025-02-05 08:13:59Z INFO RSAFileKeyManager] Loading RSA key parameters from file /home/hardik/Desktop/Assignment-1/assignment-1-HardikMinochaESE-1/actions-runner/.credentials_rsaparams
[2025-02-05 08:13:59Z INFO ActionsRunServer] EstablishVssConnection
[2025-02-05 08:13:59Z INFO ActionsRunServer] Establish connection with 100 seconds timeout.
[2025-02-05 08:14:00Z INFO GitHubActionsService] Starting operation Location.GetConnectionData
[2025-02-05 08:14:00Z INFO GitHubActionsService] Finished operation Location.GetConnectionData
[2025-02-05 08:14:00Z INFO RSAFileKeyManager] Loading RSA key parameters from file /home/hardik/Desktop/Assignment-1/assignment-1-HardikMinochaESE-1/actions-runner/.credentials_rsaparams
[2025-02-05 08:14:00Z INFO RSAFileKeyManager] Loading RSA key parameters from file /home/hardik/Desktop/Assignment-1/assignment-1-HardikMinochaESE-1/actions-runner/.credentials_rsaparams
[2025-02-05 08:14:01Z INFO GitHubActionsService] AAD Correlation ID for this token request: Unknown
[2025-02-05 08:14:01Z INFO JobDispatcher] Job request 14 for plan 1087d1d6-cb7e-49c0-9c9a-568c9fbbd6c6 job 0e10f8dd-85b5-5bee-19c6-47fc7db6f171 received.
[2025-02-05 08:14:01Z INFO JobDispatcher] Pull OrchestrationId 1087d1d6-cb7e-49c0-9c9a-568c9fbbd6c6.unit-test.__default from JWT claims
[2025-02-05 08:14:01Z INFO MessageListener] Received job status event. JobState: Busy
[2025-02-05 08:14:01Z INFO MessageListener] _getMessagesTokenSource is already disposed.
[2025-02-05 08:14:01Z INFO JobDispatcher] Job request 0e10f8dd-85b5-5bee-19c6-47fc7db6f171 processed succeed.
[2025-02-05 08:14:01Z INFO Terminal] WRITE LINE: 2025-02-05 08:14:01Z: Running job: unit-test
[2025-02-05 08:14:01Z INFO JobDispatcher] Start renew job request 14 for job 0e10f8dd-85b5-5bee-19c6-47fc7db6f171.
[2025-02-05 08:14:01Z INFO JobDispatcher] Successfully renew job request 14, job is valid till 05/02/2025 8:24:01 am
[2025-02-05 08:14:01Z INFO HostContext] Well known directory 'Bin': '/home/hardik/Desktop/Assignment-1/assignment-1-HardikMinochaESE-1/actions-runner/bin'
[2025-02-05 08:14:01Z INFO ProcessInvokerWrapper] Starting process:
[2025-02-05 08:14:01Z INFO ProcessInvokerWrapper]   File name: '/home/hardik/Desktop/Assignment-1/assignment-1-HardikMinochaESE-1/actions-runner/bin/Runner.Worker'
[2025-02-05 08:14:01Z INFO ProcessInvokerWrapper]   Arguments: 'spawnclient 150 154'
[2025-02-05 08:14:01Z INFO ProcessInvokerWrapper]   Working directory: '/home/hardik/Desktop/Assignment-1/assignment-1-HardikMinochaESE-1/actions-runner/bin'
[2025-02-05 08:14:01Z INFO ProcessInvokerWrapper]   Require exit code zero: 'False'
[2025-02-05 08:14:01Z INFO ProcessInvokerWrapper]   Encoding web name:  ; code page: ''
[2025-02-05 08:14:01Z INFO ProcessInvokerWrapper]   Force kill process on cancellation: 'True'
[2025-02-05 08:14:01Z INFO ProcessInvokerWrapper]   Redirected STDIN: 'False'
[2025-02-05 08:14:01Z INFO ProcessInvokerWrapper]   Persist current code page: 'False'
[2025-02-05 08:14:01Z INFO ProcessInvokerWrapper]   Keep redirected STDIN open: 'False'
[2025-02-05 08:14:01Z INFO ProcessInvokerWrapper]   High priority process: 'True'
[2025-02-05 08:14:01Z INFO ProcessInvokerWrapper] Process started with process id 132902, waiting for process exit.
[2025-02-05 08:14:01Z INFO JobDispatcher] Send job request message to worker for job 0e10f8dd-85b5-5bee-19c6-47fc7db6f171.
[2025-02-05 08:14:01Z INFO ProcessChannel] Sending message of length 27100, with hash '231ca3b680e7aec05e7331efbdb485f19994a6d70715ecec65ee87a099274eab'
[2025-02-05 08:14:01Z INFO JobNotification] Entering JobStarted Notification
[2025-02-05 08:14:01Z INFO JobNotification] Entering StartMonitor
[2025-02-05 08:15:01Z INFO JobDispatcher] Successfully renew job request 14, job is valid till 05/02/2025 8:25:01 am
[2025-02-05 08:15:48Z INFO ProcessInvokerWrapper] STDOUT/STDERR stream read finished.
[2025-02-05 08:15:48Z INFO ProcessInvokerWrapper] STDOUT/STDERR stream read finished.
[2025-02-05 08:15:48Z INFO ProcessInvokerWrapper] Finished process 132902 with exit code 102, and elapsed time 00:01:46.8753676.
[2025-02-05 08:15:48Z INFO JobDispatcher] Worker finished for job 0e10f8dd-85b5-5bee-19c6-47fc7db6f171. Code: 102
[2025-02-05 08:15:48Z INFO JobDispatcher] finish job request for job 0e10f8dd-85b5-5bee-19c6-47fc7db6f171 with result: Failed
[2025-02-05 08:15:48Z INFO Terminal] WRITE LINE: 2025-02-05 08:15:48Z: Job unit-test completed with result: Failed
[2025-02-05 08:15:48Z INFO JobDispatcher] Stop renew job request for job 0e10f8dd-85b5-5bee-19c6-47fc7db6f171.
[2025-02-05 08:15:48Z INFO JobDispatcher] job renew has been cancelled, stop renew job request 14.
[2025-02-05 08:15:48Z INFO JobNotification] Entering JobCompleted Notification
[2025-02-05 08:15:48Z INFO JobNotification] Entering EndMonitor
[2025-02-05 08:15:48Z INFO MessageListener] Received job status event. JobState: Online
[2025-02-05 08:15:49Z INFO MessageListener] Message '1878341981490049936' received from session '92a11acf-5fa4-440e-a579-8a97aa7916a4'.
[2025-02-05 08:15:49Z INFO ConfigurationStore] HasCredentials()
[2025-02-05 08:15:49Z INFO ConfigurationStore] stored True
[2025-02-05 08:15:49Z INFO CredentialManager] GetCredentialProvider
[2025-02-05 08:15:49Z INFO CredentialManager] Creating type OAuth
[2025-02-05 08:15:49Z INFO CredentialManager] Creating credential type: OAuth
[2025-02-05 08:15:49Z INFO RSAFileKeyManager] Loading RSA key parameters from file /home/hardik/Desktop/Assignment-1/assignment-1-HardikMinochaESE-1/actions-runner/.credentials_rsaparams
[2025-02-05 08:15:49Z INFO ActionsRunServer] EstablishVssConnection
[2025-02-05 08:15:49Z INFO ActionsRunServer] Establish connection with 100 seconds timeout.
[2025-02-05 08:15:49Z INFO GitHubActionsService] Starting operation Location.GetConnectionData
[2025-02-05 08:15:49Z INFO GitHubActionsService] Finished operation Location.GetConnectionData
[2025-02-05 08:15:49Z INFO RSAFileKeyManager] Loading RSA key parameters from file /home/hardik/Desktop/Assignment-1/assignment-1-HardikMinochaESE-1/actions-runner/.credentials_rsaparams
[2025-02-05 08:15:49Z INFO RSAFileKeyManager] Loading RSA key parameters from file /home/hardik/Desktop/Assignment-1/assignment-1-HardikMinochaESE-1/actions-runner/.credentials_rsaparams
[2025-02-05 08:15:50Z INFO GitHubActionsService] AAD Correlation ID for this token request: Unknown
[2025-02-05 08:15:50Z INFO JobDispatcher] Job request 15 for plan 1087d1d6-cb7e-49c0-9c9a-568c9fbbd6c6 job a047640a-23da-5e9b-1ef8-917a09b3753a received.
[2025-02-05 08:15:50Z INFO JobDispatcher] Pull OrchestrationId 1087d1d6-cb7e-49c0-9c9a-568c9fbbd6c6.full-test.__default from JWT claims
[2025-02-05 08:15:50Z INFO MessageListener] Received job status event. JobState: Busy
[2025-02-05 08:15:50Z INFO MessageListener] _getMessagesTokenSource is already disposed.
[2025-02-05 08:15:50Z INFO JobDispatcher] Job request 0e10f8dd-85b5-5bee-19c6-47fc7db6f171 processed succeed.
[2025-02-05 08:15:50Z INFO Terminal] WRITE LINE: 2025-02-05 08:15:50Z: Running job: full-test
[2025-02-05 08:15:50Z INFO JobDispatcher] Start renew job request 15 for job a047640a-23da-5e9b-1ef8-917a09b3753a.
[2025-02-05 08:15:50Z INFO JobDispatcher] Successfully renew job request 15, job is valid till 05/02/2025 8:25:50 am
[2025-02-05 08:15:50Z INFO HostContext] Well known directory 'Bin': '/home/hardik/Desktop/Assignment-1/assignment-1-HardikMinochaESE-1/actions-runner/bin'
[2025-02-05 08:15:50Z INFO ProcessInvokerWrapper] Starting process:
[2025-02-05 08:15:50Z INFO ProcessInvokerWrapper]   File name: '/home/hardik/Desktop/Assignment-1/assignment-1-HardikMinochaESE-1/actions-runner/bin/Runner.Worker'
[2025-02-05 08:15:50Z INFO ProcessInvokerWrapper]   Arguments: 'spawnclient 143 152'
[2025-02-05 08:15:50Z INFO ProcessInvokerWrapper]   Working directory: '/home/hardik/Desktop/Assignment-1/assignment-1-HardikMinochaESE-1/actions-runner/bin'
[2025-02-05 08:15:50Z INFO ProcessInvokerWrapper]   Require exit code zero: 'False'
[2025-02-05 08:15:50Z INFO ProcessInvokerWrapper]   Encoding web name:  ; code page: ''
[2025-02-05 08:15:50Z INFO ProcessInvokerWrapper]   Force kill process on cancellation: 'True'
[2025-02-05 08:15:50Z INFO ProcessInvokerWrapper]   Redirected STDIN: 'False'
[2025-02-05 08:15:50Z INFO ProcessInvokerWrapper]   Persist current code page: 'False'
[2025-02-05 08:15:50Z INFO ProcessInvokerWrapper]   Keep redirected STDIN open: 'False'
[2025-02-05 08:15:50Z INFO ProcessInvokerWrapper]   High priority process: 'True'
[2025-02-05 08:15:50Z INFO ProcessInvokerWrapper] Process started with process id 133887, waiting for process exit.
[2025-02-05 08:15:50Z INFO JobDispatcher] Send job request message to worker for job a047640a-23da-5e9b-1ef8-917a09b3753a.
[2025-02-05 08:15:50Z INFO ProcessChannel] Sending message of length 27102, with hash 'a2f24e70cd4f11006beb31ea2b41ec55eb24143ec0bf40386c814dfe0c76ac59'
[2025-02-05 08:15:50Z INFO JobNotification] Entering JobStarted Notification
[2025-02-05 08:15:50Z INFO JobNotification] Entering StartMonitor
[2025-02-05 08:16:50Z INFO JobDispatcher] Successfully renew job request 15, job is valid till 05/02/2025 8:26:50 am
[2025-02-05 08:17:50Z INFO JobDispatcher] Successfully renew job request 15, job is valid till 05/02/2025 8:27:50 am
[2025-02-05 08:17:56Z INFO Terminal] WRITE LINE: Exiting...
[2025-02-05 08:17:56Z INFO ConfigurationStore] IsServiceConfigured()
[2025-02-05 08:17:56Z INFO ConfigurationStore] IsServiceConfigured: False
[2025-02-05 08:17:56Z INFO HostContext] Runner will be shutdown for UserCancelled
[2025-02-05 08:17:56Z WARN GitHubActionsService] GET request to https://broker.actions.githubusercontent.com/message?sessionId=92a11acf-5fa4-440e-a579-8a97aa7916a4&status=Busy&runnerVersion=2.322.0&os=Linux&architecture=X64&disableUpdate=false has been cancelled.
[2025-02-05 08:17:56Z ERR  BrokerServer] Catch exception during request
[2025-02-05 08:17:56Z ERR  BrokerServer] System.Threading.Tasks.TaskCanceledException: The operation was canceled.
 ---> System.Threading.Tasks.TaskCanceledException: The operation was canceled.
 ---> System.IO.IOException: Unable to read data from the transport connection: Operation canceled.
 ---> System.Net.Sockets.SocketException (125): Operation canceled
   --- End of inner exception stack trace ---
   at System.Net.Sockets.Socket.AwaitableSocketAsyncEventArgs.ThrowException(SocketError error, CancellationToken cancellationToken)
   at System.Net.Sockets.Socket.AwaitableSocketAsyncEventArgs.System.Threading.Tasks.Sources.IValueTaskSource<System.Int32>.GetResult(Int16 token)
   at System.Net.Security.SslStream.EnsureFullTlsFrameAsync[TIOAdapter](CancellationToken cancellationToken, Int32 estimatedSize)
   at System.Runtime.CompilerServices.PoolingAsyncValueTaskMethodBuilder`1.StateMachineBox`1.System.Threading.Tasks.Sources.IValueTaskSource<TResult>.GetResult(Int16 token)
   at System.Net.Security.SslStream.ReadAsyncInternal[TIOAdapter](Memory`1 buffer, CancellationToken cancellationToken)
   at System.Runtime.CompilerServices.PoolingAsyncValueTaskMethodBuilder`1.StateMachineBox`1.System.Threading.Tasks.Sources.IValueTaskSource<TResult>.GetResult(Int16 token)
   at System.Net.Http.HttpConnection.<EnsureReadAheadTaskHasStarted>g__ReadAheadWithZeroByteReadAsync|40_0()
   at System.Net.Http.HttpConnection.SendAsync(HttpRequestMessage request, Boolean async, CancellationToken cancellationToken)
   --- End of inner exception stack trace ---
   at System.Net.Http.HttpConnection.SendAsync(HttpRequestMessage request, Boolean async, CancellationToken cancellationToken)
   at System.Net.Http.AuthenticationHelper.SendWithNtAuthAsync(HttpRequestMessage request, Uri authUri, Boolean async, ICredentials credentials, Boolean isProxyAuth, HttpConnection connection, HttpConnectionPool connectionPool, CancellationToken cancellationToken)
   at System.Net.Http.HttpConnectionPool.SendWithVersionDetectionAndRetryAsync(HttpRequestMessage request, Boolean async, Boolean doRequestAuth, CancellationToken cancellationToken)
   at System.Net.Http.AuthenticationHelper.SendWithAuthAsync(HttpRequestMessage request, Uri authUri, Boolean async, ICredentials credentials, Boolean preAuthenticate, Boolean isProxyAuth, Boolean doRequestAuth, HttpConnectionPool pool, CancellationToken cancellationToken)
   at System.Net.Http.RedirectHandler.SendAsync(HttpRequestMessage request, Boolean async, CancellationToken cancellationToken)
   at GitHub.Services.Common.RawHttpMessageHandler.SendAsync(HttpRequestMessage request, CancellationToken cancellationToken)
   at GitHub.Services.Common.VssHttpRetryMessageHandler.SendAsync(HttpRequestMessage request, CancellationToken cancellationToken)
   at System.Net.Http.HttpClient.<SendAsync>g__Core|83_0(HttpRequestMessage request, HttpCompletionOption completionOption, CancellationTokenSource cts, Boolean disposeCts, CancellationTokenSource pendingRequestsCts, CancellationToken originalCancellationToken)
   --- End of inner exception stack trace ---
   at System.Net.Http.HttpClient.HandleFailure(Exception e, Boolean telemetryStarted, HttpResponseMessage response, CancellationTokenSource cts, CancellationToken cancellationToken, CancellationTokenSource pendingRequestsCts)
   at System.Net.Http.HttpClient.<SendAsync>g__Core|83_0(HttpRequestMessage request, HttpCompletionOption completionOption, CancellationTokenSource cts, Boolean disposeCts, CancellationTokenSource pendingRequestsCts, CancellationToken originalCancellationToken)
   at Sdk.WebApi.WebApi.RawHttpClientBase.SendAsync(HttpRequestMessage message, HttpCompletionOption completionOption, Object userState, CancellationToken cancellationToken)
   at Sdk.WebApi.WebApi.RawHttpClientBase.SendAsync[T](HttpRequestMessage message, Boolean readErrorBody, Object userState, CancellationToken cancellationToken)
   at Sdk.WebApi.WebApi.RawHttpClientBase.SendAsync[T](HttpMethod method, IEnumerable`1 additionalHeaders, Uri requestUri, HttpContent content, IEnumerable`1 queryParameters, Boolean readErrorBody, Object userState, CancellationToken cancellationToken)
   at GitHub.Actions.RunService.WebApi.BrokerHttpClient.GetRunnerMessageAsync(Nullable`1 sessionId, String runnerVersion, Nullable`1 status, String os, String architecture, Nullable`1 disableUpdate, CancellationToken cancellationToken)
   at GitHub.Runner.Common.BrokerServer.<>c__DisplayClass7_0.<<GetRunnerMessageAsync>b__0>d.MoveNext()
--- End of stack trace from previous location ---
   at GitHub.Runner.Common.RunnerService.RetryRequest[T](Func`1 func, CancellationToken cancellationToken, Int32 maxRetryAttemptsCount, Func`2 shouldRetry)
[2025-02-05 08:17:56Z ERR  BrokerServer] #####################################################
[2025-02-05 08:17:56Z ERR  BrokerServer] System.Threading.Tasks.TaskCanceledException: The operation was canceled.
 ---> System.IO.IOException: Unable to read data from the transport connection: Operation canceled.
 ---> System.Net.Sockets.SocketException (125): Operation canceled
   --- End of inner exception stack trace ---
   at System.Net.Sockets.Socket.AwaitableSocketAsyncEventArgs.ThrowException(SocketError error, CancellationToken cancellationToken)
   at System.Net.Sockets.Socket.AwaitableSocketAsyncEventArgs.System.Threading.Tasks.Sources.IValueTaskSource<System.Int32>.GetResult(Int16 token)
   at System.Net.Security.SslStream.EnsureFullTlsFrameAsync[TIOAdapter](CancellationToken cancellationToken, Int32 estimatedSize)
   at System.Runtime.CompilerServices.PoolingAsyncValueTaskMethodBuilder`1.StateMachineBox`1.System.Threading.Tasks.Sources.IValueTaskSource<TResult>.GetResult(Int16 token)
   at System.Net.Security.SslStream.ReadAsyncInternal[TIOAdapter](Memory`1 buffer, CancellationToken cancellationToken)
   at System.Runtime.CompilerServices.PoolingAsyncValueTaskMethodBuilder`1.StateMachineBox`1.System.Threading.Tasks.Sources.IValueTaskSource<TResult>.GetResult(Int16 token)
   at System.Net.Http.HttpConnection.<EnsureReadAheadTaskHasStarted>g__ReadAheadWithZeroByteReadAsync|40_0()
   at System.Net.Http.HttpConnection.SendAsync(HttpRequestMessage request, Boolean async, CancellationToken cancellationToken)
   --- End of inner exception stack trace ---
   at System.Net.Http.HttpConnection.SendAsync(HttpRequestMessage request, Boolean async, CancellationToken cancellationToken)
   at System.Net.Http.AuthenticationHelper.SendWithNtAuthAsync(HttpRequestMessage request, Uri authUri, Boolean async, ICredentials credentials, Boolean isProxyAuth, HttpConnection connection, HttpConnectionPool connectionPool, CancellationToken cancellationToken)
   at System.Net.Http.HttpConnectionPool.SendWithVersionDetectionAndRetryAsync(HttpRequestMessage request, Boolean async, Boolean doRequestAuth, CancellationToken cancellationToken)
   at System.Net.Http.AuthenticationHelper.SendWithAuthAsync(HttpRequestMessage request, Uri authUri, Boolean async, ICredentials credentials, Boolean preAuthenticate, Boolean isProxyAuth, Boolean doRequestAuth, HttpConnectionPool pool, CancellationToken cancellationToken)
   at System.Net.Http.RedirectHandler.SendAsync(HttpRequestMessage request, Boolean async, CancellationToken cancellationToken)
   at GitHub.Services.Common.RawHttpMessageHandler.SendAsync(HttpRequestMessage request, CancellationToken cancellationToken)
   at GitHub.Services.Common.VssHttpRetryMessageHandler.SendAsync(HttpRequestMessage request, CancellationToken cancellationToken)
   at System.Net.Http.HttpClient.<SendAsync>g__Core|83_0(HttpRequestMessage request, HttpCompletionOption completionOption, CancellationTokenSource cts, Boolean disposeCts, CancellationTokenSource pendingRequestsCts, CancellationToken originalCancellationToken)
[2025-02-05 08:17:56Z ERR  BrokerServer] #####################################################
[2025-02-05 08:17:56Z ERR  BrokerServer] System.IO.IOException: Unable to read data from the transport connection: Operation canceled.
 ---> System.Net.Sockets.SocketException (125): Operation canceled
   --- End of inner exception stack trace ---
   at System.Net.Sockets.Socket.AwaitableSocketAsyncEventArgs.ThrowException(SocketError error, CancellationToken cancellationToken)
   at System.Net.Sockets.Socket.AwaitableSocketAsyncEventArgs.System.Threading.Tasks.Sources.IValueTaskSource<System.Int32>.GetResult(Int16 token)
   at System.Net.Security.SslStream.EnsureFullTlsFrameAsync[TIOAdapter](CancellationToken cancellationToken, Int32 estimatedSize)
   at System.Runtime.CompilerServices.PoolingAsyncValueTaskMethodBuilder`1.StateMachineBox`1.System.Threading.Tasks.Sources.IValueTaskSource<TResult>.GetResult(Int16 token)
   at System.Net.Security.SslStream.ReadAsyncInternal[TIOAdapter](Memory`1 buffer, CancellationToken cancellationToken)
   at System.Runtime.CompilerServices.PoolingAsyncValueTaskMethodBuilder`1.StateMachineBox`1.System.Threading.Tasks.Sources.IValueTaskSource<TResult>.GetResult(Int16 token)
   at System.Net.Http.HttpConnection.<EnsureReadAheadTaskHasStarted>g__ReadAheadWithZeroByteReadAsync|40_0()
   at System.Net.Http.HttpConnection.SendAsync(HttpRequestMessage request, Boolean async, CancellationToken cancellationToken)
[2025-02-05 08:17:56Z ERR  BrokerServer] #####################################################
[2025-02-05 08:17:56Z ERR  BrokerServer] System.Net.Sockets.SocketException (125): Operation canceled
[2025-02-05 08:17:56Z WARN BrokerServer] Back off 5.524 seconds before next retry. 4 attempt left.
[2025-02-05 08:17:56Z INFO MessageListener] Get next message has been cancelled.
[2025-02-05 08:17:56Z INFO JobDispatcher] Shutting down JobDispatcher. Make sure all WorkerDispatcher has finished.
[2025-02-05 08:17:56Z INFO JobDispatcher] Ensure WorkerDispatcher for job a047640a-23da-5e9b-1ef8-917a09b3753a run to finish, cancel any running job.
[2025-02-05 08:17:56Z INFO JobDispatcher] Send job cancellation message to worker for job a047640a-23da-5e9b-1ef8-917a09b3753a.
[2025-02-05 08:17:56Z INFO ProcessChannel] Sending message of length 0, with hash 'e3b0c44298fc1c149afbf4c8996fb92427ae41e4649b934ca495991b7852b855'
[2025-02-05 08:18:02Z INFO ProcessInvokerWrapper] STDOUT/STDERR stream read finished.
[2025-02-05 08:18:02Z INFO ProcessInvokerWrapper] STDOUT/STDERR stream read finished.
[2025-02-05 08:18:02Z INFO ProcessInvokerWrapper] Finished process 133887 with exit code 102, and elapsed time 00:02:11.7885130.
[2025-02-05 08:18:02Z INFO JobDispatcher] finish job request for job a047640a-23da-5e9b-1ef8-917a09b3753a with result: Canceled
[2025-02-05 08:18:02Z INFO Terminal] WRITE LINE: 2025-02-05 08:18:02Z: Job full-test completed with result: Canceled
[2025-02-05 08:18:02Z INFO JobDispatcher] Stop renew job request for job a047640a-23da-5e9b-1ef8-917a09b3753a.
[2025-02-05 08:18:02Z INFO JobDispatcher] job renew has been cancelled, stop renew job request 15.
[2025-02-05 08:18:02Z INFO JobNotification] Entering JobCompleted Notification
[2025-02-05 08:18:02Z INFO JobNotification] Entering EndMonitor
[2025-02-05 08:18:02Z INFO Runner] Deleting Runner Session...
[2025-02-05 08:18:02Z INFO Listener] Runner execution been cancelled.
