[2025-02-05 08:13:51Z INFO HostContext] No proxy settings were found based on environmental variables (http_proxy/https_proxy/HTTP_PROXY/HTTPS_PROXY)
[2025-02-05 08:13:51Z INFO HostContext] Well known directory 'Bin': '/home/hardik/Desktop/Assignment-1/assignment-1-HardikMinochaESE-1/actions-runner/bin'
[2025-02-05 08:13:51Z INFO HostContext] Well known directory 'Root': '/home/hardik/Desktop/Assignment-1/assignment-1-HardikMinochaESE-1/actions-runner'
[2025-02-05 08:13:51Z INFO HostContext] Well known config file 'Credentials': '/home/hardik/Desktop/Assignment-1/assignment-1-HardikMinochaESE-1/actions-runner/.credentials'
[2025-02-05 08:13:51Z INFO HostContext] Well known directory 'Bin': '/home/hardik/Desktop/Assignment-1/assignment-1-HardikMinochaESE-1/actions-runner/bin'
[2025-02-05 08:13:51Z INFO HostContext] Well known directory 'Root': '/home/hardik/Desktop/Assignment-1/assignment-1-HardikMinochaESE-1/actions-runner'
[2025-02-05 08:13:51Z INFO HostContext] Well known config file 'Runner': '/home/hardik/Desktop/Assignment-1/assignment-1-HardikMinochaESE-1/actions-runner/.runner'
[2025-02-05 08:13:51Z INFO Worker] Version: 2.322.0
[2025-02-05 08:13:51Z INFO Worker] Commit: 0edc478ca75d0a753dcbcec7405f3f26db67b1ac
[2025-02-05 08:13:51Z INFO Worker] Culture: en-IN
[2025-02-05 08:13:51Z INFO Worker] UI Culture: en-IN
[2025-02-05 08:13:51Z INFO Worker] Waiting to receive the job message from the channel.
[2025-02-05 08:13:51Z INFO ProcessChannel] Receiving message of length 27165, with hash '7bd31cc64ede388c826b2a4fc8290bd1c0a7b0f738fa27af8b7e46e24d241743'
[2025-02-05 08:13:51Z INFO Worker] Message received.
[2025-02-05 08:13:52Z INFO Worker] Job message:
 {
  "fileTable": [
    ".github/workflows/github-actions.yml"
  ],
  "mask": [
    {
      "type": "regex",
      "value": "***"
    },
    {
      "type": "regex",
      "value": "***"
    },
    {
      "type": "regex",
      "value": "***"
    },
    {
      "type": "regex",
      "value": "***"
    },
    {
      "type": "regex",
      "value": "***"
    },
    {
      "type": "regex",
      "value": "***"
    },
    {
      "type": "regex",
      "value": "***"
    },
    {
      "type": "regex",
      "value": "***"
    },
    {
      "type": "regex",
      "value": "***"
    },
    {
      "type": "regex",
      "value": "***"
    },
    {
      "type": "regex",
      "value": "***"
    },
    {
      "type": "regex",
      "value": "***"
    },
    {
      "type": "regex",
      "value": "***"
    },
    {
      "type": "regex",
      "value": "***"
    },
    {
      "type": "regex",
      "value": "***"
    },
    {
      "type": "regex",
      "value": "***"
    },
    {
      "type": "regex",
      "value": "***"
    },
    {
      "type": "regex",
      "value": "***"
    },
    {
      "type": "regex",
      "value": "***"
    }
  ],
  "steps": [
    {
      "type": "action",
      "reference": {
        "type": "repository",
        "name": "actions/checkout",
        "ref": "v2",
        "repositoryType": "GitHub",
        "path": ""
      },
      "contextName": "__actions_checkout",
      "condition": "success()",
      "id": "a878fecf-9250-57e2-84e0-aae0213d4ecb",
      "name": "__actions_checkout"
    },
    {
      "type": "action",
      "reference": {
        "type": "script"
      },
      "displayNameToken": {
        "type": 0,
        "file": 1,
        "line": 14,
        "col": 19,
        "lit": "Checkout submodules"
      },
      "contextName": "__run",
      "inputs": {
        "type": 2,
        "map": [
          {
            "key": "script",
            "value": {
              "type": 0,
              "file": 1,
              "line": 15,
              "col": 19,
              "lit": "git submodule update --init --recursive"
            }
          }
        ]
      },
      "condition": "success()",
      "id": "145553fb-1baa-5bc7-b18e-5469e21587f7",
      "name": "__run"
    },
    {
      "type": "action",
      "reference": {
        "type": "script"
      },
      "displayNameToken": {
        "type": 0,
        "file": 1,
        "line": 16,
        "col": 19,
        "lit": "Run unit test"
      },
      "contextName": "__run_2",
      "inputs": {
        "type": 2,
        "map": [
          {
            "key": "script",
            "value": {
              "type": 0,
              "file": 1,
              "line": 17,
              "col": 18,
              "lit": "./unit-test.sh"
            }
          }
        ]
      },
      "condition": "success()",
      "id": "8615dfaf-7ef8-510a-52bc-76337457853a",
      "name": "__run_2"
    }
  ],
  "variables": {
    "system.isScheduled": {
      "value": "False"
    },
    "system.servertype": {
      "value": "Hosted"
    },
    "system.culture": {
      "value": ""
    },
    "system.pipelineStartTime": {
      "value": "2025-02-05 08:13:49+00:00"
    },
    "system.runner.lowdiskspacethreshold": {
      "value": "100"
    },
    "DistributedTask.NewActionMetadata": {
      "value": "true"
    },
    "DistributedTask.EnableCompositeActions": {
      "value": "true"
    },
    "DistributedTask.EnhancedAnnotations": {
      "value": "true"
    },
    "DistributedTask.UploadStepSummary": {
      "value": "true"
    },
    "DistributedTask.ForceGithubJavascriptActionsToNode16": {
      "value": "true"
    },
    "DistributedTask.ForceGithubJavascriptActionsToNode20": {
      "value": "true"
    },
    "DistributedTask.AddWarningToNode12Action": {
      "value": "true"
    },
    "DistributedTask.AddWarningToNode16Action": {
      "value": "true"
    },
    "DistributedTask.LogTemplateErrorsAsDebugMessages": {
      "value": "true"
    },
    "DistributedTask.AllowRunnerContainerHooks": {
      "value": "true"
    },
    "DistributedTask.DeprecateStepOutputCommands": {
      "value": "true"
    },
    "DistributedTask.UseWhich2": {
      "value": "true"
    },
    "DistributedTask.DetailUntarFailure": {
      "value": "true"
    },
    "DistributedTask.UseActionArchiveCache": {
      "value": "true"
    },
    "DistributedTask.EnableJobServerQueueTelemetry": {
      "value": "true"
    },
    "DistributedTask.MarkJobAsFailedOnWorkerCrash": {
      "value": "true"
    },
    "Actions.EnableHttpRedirects": {
      "value": "true"
    },
    "system.teamProjectId": {
      "value": "00000000-0000-0000-0000-000000000000"
    },
    "build.buildId": {
      "value": "5"
    },
    "build.containerId": {
      "value": "25356401"
    },
    "build.allowCreateArtifacts": {
      "value": "False"
    },
    "system.workflowFilePath": {
      "value": ".github/workflows/github-actions.yml"
    },
    "system.phaseDisplayName": {
      "value": "unit-test"
    },
    "system.phaseId": {
      "value": "f9b18aa4-1325-5d63-b757-65b914572d7c"
    },
    "system.phaseName": {
      "value": "unit-test"
    },
    "system.phaseAttempt": {
      "value": "1"
    },
    "system.jobIdentifier": {
      "value": "unit-test.__default"
    },
    "system.jobAttempt": {
      "value": "1"
    },
    "System.JobPositionInPhase": {
      "value": "1"
    },
    "System.TotalJobsInPhase": {
      "value": "1"
    },
    "system.github.job": {
      "value": "unit-test"
    },
    "system.jobDisplayName": {
      "value": "unit-test"
    },
    "system.jobId": {
      "value": "0e10f8dd-85b5-5bee-19c6-47fc7db6f171"
    },
    "system.jobName": {
      "value": "__default"
    },
    "system.github.token.permissions": {
      "value": "{\"Actions\":\"write\",\"Attestations\":\"write\",\"Checks\":\"write\",\"Contents\":\"write\",\"Deployments\":\"write\",\"Discussions\":\"write\",\"Issues\":\"write\",\"Metadata\":\"read\",\"Packages\":\"write\",\"Pages\":\"write\",\"PullRequests\":\"write\",\"RepositoryProjects\":\"write\",\"SecurityEvents\":\"write\",\"Statuses\":\"write\"}"
    },
    "system.github.token": {
      "value": "***",
      "isSecret": true
    },
    "system.runnerEnvironment": {
      "value": "self-hosted"
    },
    "system.github.results_endpoint": {
      "value": "https://results-receiver.actions.githubusercontent.com/"
    },
    "system.github.results_upload_with_sdk": {
      "value": "True"
    },
    "system.testDotNet8Compatibility": {
      "value": "true"
    },
    "system.dotNet8CompatibilityOutputLength": {
      "value": "200"
    },
    "system.dotNet8CompatibilityOutputPattern": {
      "value": "GLIBCXX"
    },
    "system.dotNet8CompatibilityWarning": {
      "value": "The Actions runner will no longer support your OS version on November 1, 2024. Please upgrade to a supported version. For information, refer https://github.blog/changelog/2024-08-19-notice-of-upcoming-deprecations-and-breaking-changes-in-github-actions-runners/"
    },
    "system.orchestrationId": {
      "value": "ed415678-de64-42a9-84cf-217e54b01c94.unit-test.__default"
    },
    "system.runnerGroupName": {
      "value": "Default"
    }
  },
  "messageType": "PipelineAgentJobRequest",
  "plan": {
    "scopeIdentifier": "00000000-0000-0000-0000-000000000000",
    "planType": "Actions",
    "version": 41,
    "planId": "ed415678-de64-42a9-84cf-217e54b01c94",
    "planGroup": "Actions:00000000-0000-0000-0000-000000000000:1",
    "artifactUri": "vstfs:///Build/Build/5",
    "artifactLocation": null,
    "definition": {
      "_links": {},
      "id": 3,
      "name": "assignments-3-and-later-HardikMinochaESE"
    },
    "owner": {
      "_links": {},
      "id": 3,
      "name": "cu-ecen-aeld"
    }
  },
  "timeline": {
    "id": "ed415678-de64-42a9-84cf-217e54b01c94",
    "changeId": 0,
    "location": null
  },
  "jobId": "0e10f8dd-85b5-5bee-19c6-47fc7db6f171",
  "jobDisplayName": "unit-test",
  "jobName": "__default",
  "jobContainer": {
    "type": 0,
    "file": 1,
    "line": 10,
    "col": 20,
    "lit": "cuaesd/aesd-autotest:24-unit-test"
  },
  "requestId": 6,
  "lockedUntil": "0001-01-01T00:00:00",
  "resources": {
    "endpoints": [
      {
        "data": {
          "ServerId": "d0762524-5c13-47fe-90bd-0c748e1f1607",
          "ServerName": "JxQeg6iB4GGvE3bMtDlNUb9oaNj8vtBGdA1j4tszZae3a17EQj",
          "CacheServerUrl": "https://acghubeus1.actions.githubusercontent.com/JxQeg6iB4GGvE3bMtDlNUb9oaNj8vtBGdA1j4tszZae3a17EQj/",
          "FeedStreamUrl": "https://results-receiver.actions.githubusercontent.com/_ws/ingest.sock",
          "ResultsServiceUrl": "https://results-receiver.actions.githubusercontent.com/",
          "ConnectivityChecks": "[\"https://acghubeus0.actions.githubusercontent.com/_apis/health\",\"https://results-receiver.actions.githubusercontent.com/health\",\"https://pkg.actions.githubusercontent.com/health\",\"https://actions-results-receiver-production.githubapp.com/health\",\"https://pipelinesghubeus6.actions.githubusercontent.com/_apis/health\"]"
        },
        "name": "SystemVssConnection",
        "url": "https://pipelinesghubeus6.actions.githubusercontent.com/JxQeg6iB4GGvE3bMtDlNUb9oaNj8vtBGdA1j4tszZae3a17EQj/",
        "authorization": {
          "parameters": {
            "AccessToken": ***
          },
          "scheme": "OAuth"
        },
        "isShared": false,
        "isReady": true
      }
    ]
  },
  "contextData": {
    "github": {
      "t": 2,
      "d": [
        {
          "k": "ref",
          "v": "refs/heads/main"
        },
        {
          "k": "sha",
          "v": "536bf6e8c184e6fbdf4993dcea1d3dae985b4517"
        },
        {
          "k": "repository",
          "v": "cu-ecen-aeld/assignments-3-and-later-HardikMinochaESE"
        },
        {
          "k": "repository_owner",
          "v": "cu-ecen-aeld"
        },
        {
          "k": "repository_owner_id",
          "v": "49594950"
        },
        {
          "k": "repositoryUrl",
          "v": "git://github.com/cu-ecen-aeld/assignments-3-and-later-HardikMinochaESE.git"
        },
        {
          "k": "run_id",
          "v": "13150102712"
        },
        {
          "k": "run_number",
          "v": "5"
        },
        {
          "k": "retention_days",
          "v": "90"
        },
        {
          "k": "run_attempt",
          "v": "1"
        },
        {
          "k": "artifact_cache_size_limit",
          "v": "10"
        },
        {
          "k": "repository_visibility",
          "v": "public"
        },
        {
          "k": "repo-self-hosted-runners-disabled",
          "v": false
        },
        {
          "k": "enterprise-managed-business-id",
          "v": ""
        },
        {
          "k": "repository_id",
          "v": "926245750"
        },
        {
          "k": "actor_id",
          "v": "143668855"
        },
        {
          "k": "actor",
          "v": "HardikMinochaESE"
        },
        {
          "k": "triggering_actor",
          "v": "HardikMinochaESE"
        },
        {
          "k": "workflow",
          "v": "assignment-test"
        },
        {
          "k": "head_ref",
          "v": ""
        },
        {
          "k": "base_ref",
          "v": ""
        },
        {
          "k": "event_name",
          "v": "push"
        },
        {
          "k": "event",
          "v": {
            "t": 2,
            "d": [
              {
                "k": "after",
                "v": "536bf6e8c184e6fbdf4993dcea1d3dae985b4517"
              },
              {
                "k": "base_ref",
                "v": null
              },
              {
                "k": "before",
                "v": "ad94c9d282ffc3515cdcb28efa170ae9941f8484"
              },
              {
                "k": "commits",
                "v": {
                  "t": 1,
                  "a": [
                    {
                      "t": 2,
                      "d": [
                        {
                          "k": "author",
                          "v": {
                            "t": 2,
                            "d": [
                              {
                                "k": "email",
                                "v": "hardik@Ubuntu.myguest.virtualbox.org"
                              },
                              {
                                "k": "name",
                                "v": "Hardik"
                              }
                            ]
                          }
                        },
                        {
                          "k": "committer",
                          "v": {
                            "t": 2,
                            "d": [
                              {
                                "k": "email",
                                "v": "hardik@Ubuntu.myguest.virtualbox.org"
                              },
                              {
                                "k": "name",
                                "v": "Hardik"
                              }
                            ]
                          }
                        },
                        {
                          "k": "distinct",
                          "v": true
                        },
                        {
                          "k": "id",
                          "v": "536bf6e8c184e6fbdf4993dcea1d3dae985b4517"
                        },
                        {
                          "k": "message",
                          "v": "First Changes to the manual-linux.sh script"
                        },
                        {
                          "k": "timestamp",
                          "v": "2025-02-04T21:15:16-07:00"
                        },
                        {
                          "k": "tree_id",
                          "v": "98c51ed43baa5fe289804b523daf8f48915d61db"
                        },
                        {
                          "k": "url",
                          "v": "https://github.com/cu-ecen-aeld/assignments-3-and-later-HardikMinochaESE/commit/536bf6e8c184e6fbdf4993dcea1d3dae985b4517"
                        }
                      ]
                    }
                  ]
                }
              },
              {
                "k": "compare",
                "v": "https://github.com/cu-ecen-aeld/assignments-3-and-later-HardikMinochaESE/compare/ad94c9d282ff...536bf6e8c184"
              },
              {
                "k": "created",
                "v": false
              },
              {
                "k": "deleted",
                "v": false
              },
              {
                "k": "forced",
                "v": false
              },
              {
                "k": "head_commit",
                "v": {
                  "t": 2,
                  "d": [
                    {
                      "k": "author",
                      "v": {
                        "t": 2,
                        "d": [
                          {
                            "k": "email",
                            "v": "hardik@Ubuntu.myguest.virtualbox.org"
                          },
                          {
                            "k": "name",
                            "v": "Hardik"
                          }
                        ]
                      }
                    },
                    {
                      "k": "committer",
                      "v": {
                        "t": 2,
                        "d": [
                          {
                            "k": "email",
                            "v": "hardik@Ubuntu.myguest.virtualbox.org"
                          },
                          {
                            "k": "name",
                            "v": "Hardik"
                          }
                        ]
                      }
                    },
                    {
                      "k": "distinct",
                      "v": true
                    },
                    {
                      "k": "id",
                      "v": "536bf6e8c184e6fbdf4993dcea1d3dae985b4517"
                    },
                    {
                      "k": "message",
                      "v": "First Changes to the manual-linux.sh script"
                    },
                    {
                      "k": "timestamp",
                      "v": "2025-02-04T21:15:16-07:00"
                    },
                    {
                      "k": "tree_id",
                      "v": "98c51ed43baa5fe289804b523daf8f48915d61db"
                    },
                    {
                      "k": "url",
                      "v": "https://github.com/cu-ecen-aeld/assignments-3-and-later-HardikMinochaESE/commit/536bf6e8c184e6fbdf4993dcea1d3dae985b4517"
                    }
                  ]
                }
              },
              {
                "k": "organization",
                "v": {
                  "t": 2,
                  "d": [
                    {
                      "k": "avatar_url",
                      "v": "https://avatars.githubusercontent.com/u/49594950?v=4"
                    },
                    {
                      "k": "description",
                      "v": "Course Github Organization for University of Colorado at Boulder ECEN 5713 Advanced Embedded Software Development (previously 5013-002)"
                    },
                    {
                      "k": "events_url",
                      "v": "https://api.github.com/orgs/cu-ecen-aeld/events"
                    },
                    {
                      "k": "hooks_url",
                      "v": "https://api.github.com/orgs/cu-ecen-aeld/hooks"
                    },
                    {
                      "k": "id",
                      "v": 49594950.0
                    },
                    {
                      "k": "issues_url",
                      "v": "https://api.github.com/orgs/cu-ecen-aeld/issues"
                    },
                    {
                      "k": "login",
                      "v": "cu-ecen-aeld"
                    },
                    {
                      "k": "members_url",
                      "v": "https://api.github.com/orgs/cu-ecen-aeld/members{/member}"
                    },
                    {
                      "k": "node_id",
                      "v": "MDEyOk9yZ2FuaXphdGlvbjQ5NTk0OTUw"
                    },
                    {
                      "k": "public_members_url",
                      "v": "https://api.github.com/orgs/cu-ecen-aeld/public_members{/member}"
                    },
                    {
                      "k": "repos_url",
                      "v": "https://api.github.com/orgs/cu-ecen-aeld/repos"
                    },
                    {
                      "k": "url",
                      "v": "https://api.github.com/orgs/cu-ecen-aeld"
                    }
                  ]
                }
              },
              {
                "k": "pusher",
                "v": {
                  "t": 2,
                  "d": [
                    {
                      "k": "email",
                      "v": "143668855+HardikMinochaESE@users.noreply.github.com"
                    },
                    {
                      "k": "name",
                      "v": "HardikMinochaESE"
                    }
                  ]
                }
              },
              {
                "k": "ref",
                "v": "refs/heads/main"
              },
              {
                "k": "repository",
                "v": {
                  "t": 2,
                  "d": [
                    {
                      "k": "allow_forking",
                      "v": true
                    },
                    {
                      "k": "archive_url",
                      "v": "https://api.github.com/repos/cu-ecen-aeld/assignments-3-and-later-HardikMinochaESE/{archive_format}{/ref}"
                    },
                    {
                      "k": "archived",
                      "v": false
                    },
                    {
                      "k": "assignees_url",
                      "v": "https://api.github.com/repos/cu-ecen-aeld/assignments-3-and-later-HardikMinochaESE/assignees{/user}"
                    },
                    {
                      "k": "blobs_url",
                      "v": "https://api.github.com/repos/cu-ecen-aeld/assignments-3-and-later-HardikMinochaESE/git/blobs{/sha}"
                    },
                    {
                      "k": "branches_url",
                      "v": "https://api.github.com/repos/cu-ecen-aeld/assignments-3-and-later-HardikMinochaESE/branches{/branch}"
                    },
                    {
                      "k": "clone_url",
                      "v": "https://github.com/cu-ecen-aeld/assignments-3-and-later-HardikMinochaESE.git"
                    },
                    {
                      "k": "collaborators_url",
                      "v": "https://api.github.com/repos/cu-ecen-aeld/assignments-3-and-later-HardikMinochaESE/collaborators{/collaborator}"
                    },
                    {
                      "k": "comments_url",
                      "v": "https://api.github.com/repos/cu-ecen-aeld/assignments-3-and-later-HardikMinochaESE/comments{/number}"
                    },
                    {
                      "k": "commits_url",
                      "v": "https://api.github.com/repos/cu-ecen-aeld/assignments-3-and-later-HardikMinochaESE/commits{/sha}"
                    },
                    {
                      "k": "compare_url",
                      "v": "https://api.github.com/repos/cu-ecen-aeld/assignments-3-and-later-HardikMinochaESE/compare/{base}...{head}"
                    },
                    {
                      "k": "contents_url",
                      "v": "https://api.github.com/repos/cu-ecen-aeld/assignments-3-and-later-HardikMinochaESE/contents/{+path}"
                    },
                    {
                      "k": "contributors_url",
                      "v": "https://api.github.com/repos/cu-ecen-aeld/assignments-3-and-later-HardikMinochaESE/contributors"
                    },
                    {
                      "k": "created_at",
                      "v": 1738533665.0
                    },
                    {
                      "k": "custom_properties",
                      "v": {
                        "t": 2
                      }
                    },
                    {
                      "k": "default_branch",
                      "v": "main"
                    },
                    {
                      "k": "deployments_url",
                      "v": "https://api.github.com/repos/cu-ecen-aeld/assignments-3-and-later-HardikMinochaESE/deployments"
                    },
                    {
                      "k": "description",
                      "v": "assignments-3-and-later-HardikMinochaESE created by GitHub Classroom"
                    },
                    {
                      "k": "disabled",
                      "v": false
                    },
                    {
                      "k": "downloads_url",
                      "v": "https://api.github.com/repos/cu-ecen-aeld/assignments-3-and-later-HardikMinochaESE/downloads"
                    },
                    {
                      "k": "events_url",
                      "v": "https://api.github.com/repos/cu-ecen-aeld/assignments-3-and-later-HardikMinochaESE/events"
                    },
                    {
                      "k": "fork",
                      "v": false
                    },
                    {
                      "k": "forks",
                      "v": 0.0
                    },
                    {
                      "k": "forks_count",
                      "v": 0.0
                    },
                    {
                      "k": "forks_url",
                      "v": "https://api.github.com/repos/cu-ecen-aeld/assignments-3-and-later-HardikMinochaESE/forks"
                    },
                    {
                      "k": "full_name",
                      "v": "cu-ecen-aeld/assignments-3-and-later-HardikMinochaESE"
                    },
                    {
                      "k": "git_commits_url",
                      "v": "https://api.github.com/repos/cu-ecen-aeld/assignments-3-and-later-HardikMinochaESE/git/commits{/sha}"
                    },
                    {
                      "k": "git_refs_url",
                      "v": "https://api.github.com/repos/cu-ecen-aeld/assignments-3-and-later-HardikMinochaESE/git/refs{/sha}"
                    },
                    {
                      "k": "git_tags_url",
                      "v": "https://api.github.com/repos/cu-ecen-aeld/assignments-3-and-later-HardikMinochaESE/git/tags{/sha}"
                    },
                    {
                      "k": "git_url",
                      "v": "git://github.com/cu-ecen-aeld/assignments-3-and-later-HardikMinochaESE.git"
                    },
                    {
                      "k": "has_discussions",
                      "v": false
                    },
                    {
                      "k": "has_downloads",
                      "v": true
                    },
                    {
                      "k": "has_issues",
                      "v": true
                    },
                    {
                      "k": "has_pages",
                      "v": false
                    },
                    {
                      "k": "has_projects",
                      "v": true
                    },
                    {
                      "k": "has_wiki",
                      "v": true
                    },
                    {
                      "k": "homepage",
                      "v": null
                    },
                    {
                      "k": "hooks_url",
                      "v": "https://api.github.com/repos/cu-ecen-aeld/assignments-3-and-later-HardikMinochaESE/hooks"
                    },
                    {
                      "k": "html_url",
                      "v": "https://github.com/cu-ecen-aeld/assignments-3-and-later-HardikMinochaESE"
                    },
                    {
                      "k": "id",
                      "v": 926245750.0
                    },
                    {
                      "k": "is_template",
                      "v": false
                    },
                    {
                      "k": "issue_comment_url",
                      "v": "https://api.github.com/repos/cu-ecen-aeld/assignments-3-and-later-HardikMinochaESE/issues/comments{/number}"
                    },
                    {
                      "k": "issue_events_url",
                      "v": "https://api.github.com/repos/cu-ecen-aeld/assignments-3-and-later-HardikMinochaESE/issues/events{/number}"
                    },
                    {
                      "k": "issues_url",
                      "v": "https://api.github.com/repos/cu-ecen-aeld/assignments-3-and-later-HardikMinochaESE/issues{/number}"
                    },
                    {
                      "k": "keys_url",
                      "v": "https://api.github.com/repos/cu-ecen-aeld/assignments-3-and-later-HardikMinochaESE/keys{/key_id}"
                    },
                    {
                      "k": "labels_url",
                      "v": "https://api.github.com/repos/cu-ecen-aeld/assignments-3-and-later-HardikMinochaESE/labels{/name}"
                    },
                    {
                      "k": "language",
                      "v": "JavaScript"
                    },
                    {
                      "k": "languages_url",
                      "v": "https://api.github.com/repos/cu-ecen-aeld/assignments-3-and-later-HardikMinochaESE/languages"
                    },
                    {
                      "k": "license",
                      "v": {
                        "t": 2,
                        "d": [
                          {
                            "k": "key",
                            "v": "mit"
                          },
                          {
                            "k": "name",
                            "v": "MIT License"
                          },
                          {
                            "k": "node_id",
                            "v": "MDc6TGljZW5zZTEz"
                          },
                          {
                            "k": "spdx_id",
                            "v": "MIT"
                          },
                          {
                            "k": "url",
                            "v": "https://api.github.com/licenses/mit"
                          }
                        ]
                      }
                    },
                    {
                      "k": "master_branch",
                      "v": "main"
                    },
                    {
                      "k": "merges_url",
                      "v": "https://api.github.com/repos/cu-ecen-aeld/assignments-3-and-later-HardikMinochaESE/merges"
                    },
                    {
                      "k": "milestones_url",
                      "v": "https://api.github.com/repos/cu-ecen-aeld/assignments-3-and-later-HardikMinochaESE/milestones{/number}"
                    },
                    {
                      "k": "mirror_url",
                      "v": null
                    },
                    {
                      "k": "name",
                      "v": "assignments-3-and-later-HardikMinochaESE"
                    },
                    {
                      "k": "node_id",
                      "v": "R_kgDONzVjdg"
                    },
                    {
                      "k": "notifications_url",
                      "v": "https://api.github.com/repos/cu-ecen-aeld/assignments-3-and-later-HardikMinochaESE/notifications{?since,all,participating}"
                    },
                    {
                      "k": "open_issues",
                      "v": 0.0
                    },
                    {
                      "k": "open_issues_count",
                      "v": 0.0
                    },
                    {
                      "k": "organization",
                      "v": "cu-ecen-aeld"
                    },
                    {
                      "k": "owner",
                      "v": {
                        "t": 2,
                        "d": [
                          {
                            "k": "avatar_url",
                            "v": "https://avatars.githubusercontent.com/u/49594950?v=4"
                          },
                          {
                            "k": "email",
                            "v": null
                          },
                          {
                            "k": "events_url",
                            "v": "https://api.github.com/users/cu-ecen-aeld/events{/privacy}"
                          },
                          {
                            "k": "followers_url",
                            "v": "https://api.github.com/users/cu-ecen-aeld/followers"
                          },
                          {
                            "k": "following_url",
                            "v": "https://api.github.com/users/cu-ecen-aeld/following{/other_user}"
                          },
                          {
                            "k": "gists_url",
                            "v": "https://api.github.com/users/cu-ecen-aeld/gists{/gist_id}"
                          },
                          {
                            "k": "gravatar_id",
                            "v": ""
                          },
                          {
                            "k": "html_url",
                            "v": "https://github.com/cu-ecen-aeld"
                          },
                          {
                            "k": "id",
                            "v": 49594950.0
                          },
                          {
                            "k": "login",
                            "v": "cu-ecen-aeld"
                          },
                          {
                            "k": "name",
                            "v": "cu-ecen-aeld"
                          },
                          {
                            "k": "node_id",
                            "v": "MDEyOk9yZ2FuaXphdGlvbjQ5NTk0OTUw"
                          },
                          {
                            "k": "organizations_url",
                            "v": "https://api.github.com/users/cu-ecen-aeld/orgs"
                          },
                          {
                            "k": "received_events_url",
                            "v": "https://api.github.com/users/cu-ecen-aeld/received_events"
                          },
                          {
                            "k": "repos_url",
                            "v": "https://api.github.com/users/cu-ecen-aeld/repos"
                          },
                          {
                            "k": "site_admin",
                            "v": false
                          },
                          {
                            "k": "starred_url",
                            "v": "https://api.github.com/users/cu-ecen-aeld/starred{/owner}{/repo}"
                          },
                          {
                            "k": "subscriptions_url",
                            "v": "https://api.github.com/users/cu-ecen-aeld/subscriptions"
                          },
                          {
                            "k": "type",
                            "v": "Organization"
                          },
                          {
                            "k": "url",
                            "v": "https://api.github.com/users/cu-ecen-aeld"
                          },
                          {
                            "k": "user_view_type",
                            "v": "public"
                          }
                        ]
                      }
                    },
                    {
                      "k": "private",
                      "v": false
                    },
                    {
                      "k": "pulls_url",
                      "v": "https://api.github.com/repos/cu-ecen-aeld/assignments-3-and-later-HardikMinochaESE/pulls{/number}"
                    },
                    {
                      "k": "pushed_at",
                      "v": 1738728921.0
                    },
                    {
                      "k": "releases_url",
                      "v": "https://api.github.com/repos/cu-ecen-aeld/assignments-3-and-later-HardikMinochaESE/releases{/id}"
                    },
                    {
                      "k": "size",
                      "v": 96655.0
                    },
                    {
                      "k": "ssh_url",
                      "v": "git@github.com:cu-ecen-aeld/assignments-3-and-later-HardikMinochaESE.git"
                    },
                    {
                      "k": "stargazers",
                      "v": 0.0
                    },
                    {
                      "k": "stargazers_count",
                      "v": 0.0
                    },
                    {
                      "k": "stargazers_url",
                      "v": "https://api.github.com/repos/cu-ecen-aeld/assignments-3-and-later-HardikMinochaESE/stargazers"
                    },
                    {
                      "k": "statuses_url",
                      "v": "https://api.github.com/repos/cu-ecen-aeld/assignments-3-and-later-HardikMinochaESE/statuses/{sha}"
                    },
                    {
                      "k": "subscribers_url",
                      "v": "https://api.github.com/repos/cu-ecen-aeld/assignments-3-and-later-HardikMinochaESE/subscribers"
                    },
                    {
                      "k": "subscription_url",
                      "v": "https://api.github.com/repos/cu-ecen-aeld/assignments-3-and-later-HardikMinochaESE/subscription"
                    },
                    {
                      "k": "svn_url",
                      "v": "https://github.com/cu-ecen-aeld/assignments-3-and-later-HardikMinochaESE"
                    },
                    {
                      "k": "tags_url",
                      "v": "https://api.github.com/repos/cu-ecen-aeld/assignments-3-and-later-HardikMinochaESE/tags"
                    },
                    {
                      "k": "teams_url",
                      "v": "https://api.github.com/repos/cu-ecen-aeld/assignments-3-and-later-HardikMinochaESE/teams"
                    },
                    {
                      "k": "topics",
                      "v": {
                        "t": 1
                      }
                    },
                    {
                      "k": "trees_url",
                      "v": "https://api.github.com/repos/cu-ecen-aeld/assignments-3-and-later-HardikMinochaESE/git/trees{/sha}"
                    },
                    {
                      "k": "updated_at",
                      "v": "2025-02-05T03:01:58Z"
                    },
                    {
                      "k": "url",
                      "v": "https://github.com/cu-ecen-aeld/assignments-3-and-later-HardikMinochaESE"
                    },
                    {
                      "k": "visibility",
                      "v": "public"
                    },
                    {
                      "k": "watchers",
                      "v": 0.0
                    },
                    {
                      "k": "watchers_count",
                      "v": 0.0
                    },
                    {
                      "k": "web_commit_signoff_required",
                      "v": false
                    }
                  ]
                }
              },
              {
                "k": "sender",
                "v": {
                  "t": 2,
                  "d": [
                    {
                      "k": "avatar_url",
                      "v": "https://avatars.githubusercontent.com/u/143668855?v=4"
                    },
                    {
                      "k": "events_url",
                      "v": "https://api.github.com/users/HardikMinochaESE/events{/privacy}"
                    },
                    {
                      "k": "followers_url",
                      "v": "https://api.github.com/users/HardikMinochaESE/followers"
                    },
                    {
                      "k": "following_url",
                      "v": "https://api.github.com/users/HardikMinochaESE/following{/other_user}"
                    },
                    {
                      "k": "gists_url",
                      "v": "https://api.github.com/users/HardikMinochaESE/gists{/gist_id}"
                    },
                    {
                      "k": "gravatar_id",
                      "v": ""
                    },
                    {
                      "k": "html_url",
                      "v": "https://github.com/HardikMinochaESE"
                    },
                    {
                      "k": "id",
                      "v": 143668855.0
                    },
                    {
                      "k": "login",
                      "v": "HardikMinochaESE"
                    },
                    {
                      "k": "node_id",
                      "v": "U_kgDOCJA2dw"
                    },
                    {
                      "k": "organizations_url",
                      "v": "https://api.github.com/users/HardikMinochaESE/orgs"
                    },
                    {
                      "k": "received_events_url",
                      "v": "https://api.github.com/users/HardikMinochaESE/received_events"
                    },
                    {
                      "k": "repos_url",
                      "v": "https://api.github.com/users/HardikMinochaESE/repos"
                    },
                    {
                      "k": "site_admin",
                      "v": false
                    },
                    {
                      "k": "starred_url",
                      "v": "https://api.github.com/users/HardikMinochaESE/starred{/owner}{/repo}"
                    },
                    {
                      "k": "subscriptions_url",
                      "v": "https://api.github.com/users/HardikMinochaESE/subscriptions"
                    },
                    {
                      "k": "type",
                      "v": "User"
                    },
                    {
                      "k": "url",
                      "v": "https://api.github.com/users/HardikMinochaESE"
                    },
                    {
                      "k": "user_view_type",
                      "v": "public"
                    }
                  ]
                }
              }
            ]
          }
        },
        {
          "k": "server_url",
          "v": "https://github.com"
        },
        {
          "k": "api_url",
          "v": "https://api.github.com"
        },
        {
          "k": "graphql_url",
          "v": "https://api.github.com/graphql"
        },
        {
          "k": "ref_name",
          "v": "main"
        },
        {
          "k": "ref_protected",
          "v": false
        },
        {
          "k": "ref_type",
          "v": "branch"
        },
        {
          "k": "secret_source",
          "v": "Actions"
        },
        {
          "k": "workflow_ref",
          "v": "cu-ecen-aeld/assignments-3-and-later-HardikMinochaESE/.github/workflows/github-actions.yml@refs/heads/main"
        },
        {
          "k": "workflow_sha",
          "v": "536bf6e8c184e6fbdf4993dcea1d3dae985b4517"
        }
      ]
    },
    "run-feature-flags": {
      "t": 2,
      "d": [
        {
          "k": "actions_stream_logs_via_results_service",
          "v": true
        },
        {
          "k": "actions_use_results_service",
          "v": true
        },
        {
          "k": "actions_uses_cache_service_v2",
          "v": false
        },
        {
          "k": "block_artifacts_v3_exempted",
          "v": false
        },
        {
          "k": "larger_runners_custom_image_generation",
          "v": false
        }
      ]
    },
    "partialrerun": false,
    "needs": {
      "t": 2
    },
    "vars": null,
    "inputs": {
      "t": 2
    },
    "matrix": null,
    "strategy": {
      "t": 2,
      "d": [
        {
          "k": "fail-fast",
          "v": true
        },
        {
          "k": "job-index",
          "v": 0.0
        },
        {
          "k": "job-total",
          "v": 1.0
        },
        {
          "k": "max-parallel",
          "v": 1.0
        }
      ]
    },
    "EndpointsOverride": null
  }
}
[2025-02-05 08:13:52Z INFO JobRunner] Job ID 0e10f8dd-85b5-5bee-19c6-47fc7db6f171
[2025-02-05 08:13:52Z INFO ConfigurationStore] currentAssemblyLocation: /home/hardik/Desktop/Assignment-1/assignment-1-HardikMinochaESE-1/actions-runner/bin/Runner.Worker.dll
[2025-02-05 08:13:52Z INFO HostContext] Well known directory 'Bin': '/home/hardik/Desktop/Assignment-1/assignment-1-HardikMinochaESE-1/actions-runner/bin'
[2025-02-05 08:13:52Z INFO ConfigurationStore] binPath: /home/hardik/Desktop/Assignment-1/assignment-1-HardikMinochaESE-1/actions-runner/bin
[2025-02-05 08:13:52Z INFO HostContext] Well known directory 'Bin': '/home/hardik/Desktop/Assignment-1/assignment-1-HardikMinochaESE-1/actions-runner/bin'
[2025-02-05 08:13:52Z INFO HostContext] Well known directory 'Root': '/home/hardik/Desktop/Assignment-1/assignment-1-HardikMinochaESE-1/actions-runner'
[2025-02-05 08:13:52Z INFO ConfigurationStore] RootFolder: /home/hardik/Desktop/Assignment-1/assignment-1-HardikMinochaESE-1/actions-runner
[2025-02-05 08:13:52Z INFO HostContext] Well known directory 'Bin': '/home/hardik/Desktop/Assignment-1/assignment-1-HardikMinochaESE-1/actions-runner/bin'
[2025-02-05 08:13:52Z INFO HostContext] Well known directory 'Root': '/home/hardik/Desktop/Assignment-1/assignment-1-HardikMinochaESE-1/actions-runner'
[2025-02-05 08:13:52Z INFO HostContext] Well known config file 'Runner': '/home/hardik/Desktop/Assignment-1/assignment-1-HardikMinochaESE-1/actions-runner/.runner'
[2025-02-05 08:13:52Z INFO ConfigurationStore] ConfigFilePath: /home/hardik/Desktop/Assignment-1/assignment-1-HardikMinochaESE-1/actions-runner/.runner
[2025-02-05 08:13:52Z INFO HostContext] Well known directory 'Bin': '/home/hardik/Desktop/Assignment-1/assignment-1-HardikMinochaESE-1/actions-runner/bin'
[2025-02-05 08:13:52Z INFO HostContext] Well known directory 'Root': '/home/hardik/Desktop/Assignment-1/assignment-1-HardikMinochaESE-1/actions-runner'
[2025-02-05 08:13:52Z INFO HostContext] Well known config file 'Credentials': '/home/hardik/Desktop/Assignment-1/assignment-1-HardikMinochaESE-1/actions-runner/.credentials'
[2025-02-05 08:13:52Z INFO ConfigurationStore] CredFilePath: /home/hardik/Desktop/Assignment-1/assignment-1-HardikMinochaESE-1/actions-runner/.credentials
[2025-02-05 08:13:52Z INFO HostContext] Well known directory 'Bin': '/home/hardik/Desktop/Assignment-1/assignment-1-HardikMinochaESE-1/actions-runner/bin'
[2025-02-05 08:13:52Z INFO HostContext] Well known directory 'Root': '/home/hardik/Desktop/Assignment-1/assignment-1-HardikMinochaESE-1/actions-runner'
[2025-02-05 08:13:52Z INFO HostContext] Well known config file 'MigratedCredentials': '/home/hardik/Desktop/Assignment-1/assignment-1-HardikMinochaESE-1/actions-runner/.credentials_migrated'
[2025-02-05 08:13:52Z INFO ConfigurationStore] MigratedCredFilePath: /home/hardik/Desktop/Assignment-1/assignment-1-HardikMinochaESE-1/actions-runner/.credentials_migrated
[2025-02-05 08:13:52Z INFO HostContext] Well known directory 'Bin': '/home/hardik/Desktop/Assignment-1/assignment-1-HardikMinochaESE-1/actions-runner/bin'
[2025-02-05 08:13:52Z INFO HostContext] Well known directory 'Root': '/home/hardik/Desktop/Assignment-1/assignment-1-HardikMinochaESE-1/actions-runner'
[2025-02-05 08:13:52Z INFO HostContext] Well known config file 'Service': '/home/hardik/Desktop/Assignment-1/assignment-1-HardikMinochaESE-1/actions-runner/.service'
[2025-02-05 08:13:52Z INFO ConfigurationStore] ServiceConfigFilePath: /home/hardik/Desktop/Assignment-1/assignment-1-HardikMinochaESE-1/actions-runner/.service
[2025-02-05 08:13:52Z INFO ConfigurationStore] Read setting file: 325 chars
[2025-02-05 08:13:52Z INFO JobRunner] Creating job server with URL: https://pipelinesghubeus6.actions.githubusercontent.com/JxQeg6iB4GGvE3bMtDlNUb9oaNj8vtBGdA1j4tszZae3a17EQj/
[2025-02-05 08:13:52Z INFO GitHubActionsService] Starting operation Location.GetConnectionData
[2025-02-05 08:13:52Z INFO Worker] Listening for cancel message from the channel.
[2025-02-05 08:13:52Z INFO Worker] Waiting for the job to complete or for a cancel message from the channel.
[2025-02-05 08:13:52Z INFO ProcessChannel] Receiving message of length 0, with hash 'e3b0c44298fc1c149afbf4c8996fb92427ae41e4649b934ca495991b7852b855'
[2025-02-05 08:13:52Z INFO Worker] Cancellation/Shutdown message received.
[2025-02-05 08:13:53Z INFO GitHubActionsService] Finished operation Location.GetConnectionData
[2025-02-05 08:13:53Z INFO JobServer] Creating websocket client ...wss://results-receiver.actions.githubusercontent.com/_ws/ingest.sock
[2025-02-05 08:13:53Z INFO JobServer] Attempting to start websocket client with delay 00:00:00.
[2025-02-05 08:13:53Z INFO JobServerQueue] Initializing results client
[2025-02-05 08:13:53Z INFO JobServerQueue] Start process web console line queue.
[2025-02-05 08:13:53Z INFO JobServerQueue] Start process file upload queue.
[2025-02-05 08:13:53Z INFO JobServerQueue] Start results file upload queue.
[2025-02-05 08:13:53Z INFO JobServerQueue] Starting results-based upload queue...
[2025-02-05 08:13:53Z INFO JobServerQueue] Start process timeline update queue.
[2025-02-05 08:13:53Z INFO ExecutionContext] Initialize GitHub context
[2025-02-05 08:13:53Z INFO ExecutionContext] Initialize Env context
[2025-02-05 08:13:53Z INFO HostContext] Well known directory 'Bin': '/home/hardik/Desktop/Assignment-1/assignment-1-HardikMinochaESE-1/actions-runner/bin'
[2025-02-05 08:13:53Z INFO HostContext] Well known directory 'Root': '/home/hardik/Desktop/Assignment-1/assignment-1-HardikMinochaESE-1/actions-runner'
[2025-02-05 08:13:53Z INFO HostContext] Well known directory 'Diag': '/home/hardik/Desktop/Assignment-1/assignment-1-HardikMinochaESE-1/actions-runner/_diag'
[2025-02-05 08:13:53Z INFO HostContext] Well known directory 'Bin': '/home/hardik/Desktop/Assignment-1/assignment-1-HardikMinochaESE-1/actions-runner/bin'
[2025-02-05 08:13:53Z INFO HostContext] Well known directory 'Root': '/home/hardik/Desktop/Assignment-1/assignment-1-HardikMinochaESE-1/actions-runner'
[2025-02-05 08:13:53Z INFO HostContext] Well known directory 'Diag': '/home/hardik/Desktop/Assignment-1/assignment-1-HardikMinochaESE-1/actions-runner/_diag'
[2025-02-05 08:13:53Z INFO JobRunner] Starting the job execution context.
[2025-02-05 08:13:53Z INFO HostContext] Well known directory 'Bin': '/home/hardik/Desktop/Assignment-1/assignment-1-HardikMinochaESE-1/actions-runner/bin'
[2025-02-05 08:13:53Z INFO HostContext] Well known directory 'Root': '/home/hardik/Desktop/Assignment-1/assignment-1-HardikMinochaESE-1/actions-runner'
[2025-02-05 08:13:53Z INFO HostContext] Well known directory 'Work': '/home/hardik/Desktop/Assignment-1/assignment-1-HardikMinochaESE-1/actions-runner/_work'
[2025-02-05 08:13:53Z INFO JobRunner] Validating directory permissions for: '/home/hardik/Desktop/Assignment-1/assignment-1-HardikMinochaESE-1/actions-runner/_work'
[2025-02-05 08:13:53Z INFO HostContext] Well known directory 'Bin': '/home/hardik/Desktop/Assignment-1/assignment-1-HardikMinochaESE-1/actions-runner/bin'
[2025-02-05 08:13:53Z INFO HostContext] Well known directory 'Root': '/home/hardik/Desktop/Assignment-1/assignment-1-HardikMinochaESE-1/actions-runner'
[2025-02-05 08:13:53Z INFO HostContext] Well known directory 'Work': '/home/hardik/Desktop/Assignment-1/assignment-1-HardikMinochaESE-1/actions-runner/_work'
[2025-02-05 08:13:53Z INFO HostContext] Well known directory 'Tools': '/home/hardik/Desktop/Assignment-1/assignment-1-HardikMinochaESE-1/actions-runner/_work/_tool'
[2025-02-05 08:13:53Z INFO HostContext] Well known directory 'Bin': '/home/hardik/Desktop/Assignment-1/assignment-1-HardikMinochaESE-1/actions-runner/bin'
[2025-02-05 08:13:53Z INFO HostContext] Well known directory 'Root': '/home/hardik/Desktop/Assignment-1/assignment-1-HardikMinochaESE-1/actions-runner'
[2025-02-05 08:13:53Z INFO HostContext] Well known directory 'Work': '/home/hardik/Desktop/Assignment-1/assignment-1-HardikMinochaESE-1/actions-runner/_work'
[2025-02-05 08:13:53Z INFO HostContext] Well known directory 'Temp': '/home/hardik/Desktop/Assignment-1/assignment-1-HardikMinochaESE-1/actions-runner/_work/_temp'
[2025-02-05 08:13:53Z ERR  TempDirectoryManager] System.OperationCanceledException: The operation was canceled.
   at System.Threading.CancellationToken.ThrowOperationCanceledException()
   at System.Threading.CancellationToken.ThrowIfCancellationRequested()
   at System.Linq.Parallel.QueryOperator`1.GetOpenedEnumerator(Nullable`1 mergeOptions, Boolean suppressOrder, Boolean forEffect, QuerySettings querySettings)
   at System.Linq.Parallel.ForAllOperator`1.RunSynchronously()
   at GitHub.Runner.Sdk.IOUtil.DeleteDirectory(String path, Boolean contentsOnly, Boolean continueOnContentDeleteError, CancellationToken cancellationToken)
   at GitHub.Runner.Worker.TempDirectoryManager.InitializeTempDirectory(IExecutionContext jobContext)
[2025-02-05 08:13:53Z INFO JobRunner] Getting job extension.
[2025-02-05 08:13:53Z INFO JobRunner] Initialize job. Getting all job steps.
[2025-02-05 08:13:53Z INFO HostContext] Well known directory 'Bin': '/home/hardik/Desktop/Assignment-1/assignment-1-HardikMinochaESE-1/actions-runner/bin'
[2025-02-05 08:13:53Z INFO HostContext] Well known directory 'Root': '/home/hardik/Desktop/Assignment-1/assignment-1-HardikMinochaESE-1/actions-runner'
[2025-02-05 08:13:53Z INFO HostContext] Well known directory 'Diag': '/home/hardik/Desktop/Assignment-1/assignment-1-HardikMinochaESE-1/actions-runner/_diag'
[2025-02-05 08:13:53Z INFO HostContext] Well known directory 'Bin': '/home/hardik/Desktop/Assignment-1/assignment-1-HardikMinochaESE-1/actions-runner/bin'
[2025-02-05 08:13:53Z INFO HostContext] Well known directory 'Root': '/home/hardik/Desktop/Assignment-1/assignment-1-HardikMinochaESE-1/actions-runner'
[2025-02-05 08:13:53Z INFO HostContext] Well known directory 'Diag': '/home/hardik/Desktop/Assignment-1/assignment-1-HardikMinochaESE-1/actions-runner/_diag'
[2025-02-05 08:13:53Z INFO HostContext] Well known directory 'Bin': '/home/hardik/Desktop/Assignment-1/assignment-1-HardikMinochaESE-1/actions-runner/bin'
[2025-02-05 08:13:53Z INFO HostContext] Well known directory 'Root': '/home/hardik/Desktop/Assignment-1/assignment-1-HardikMinochaESE-1/actions-runner'
[2025-02-05 08:13:53Z INFO HostContext] Well known config file 'Credentials': '/home/hardik/Desktop/Assignment-1/assignment-1-HardikMinochaESE-1/actions-runner/.credentials'
[2025-02-05 08:13:53Z INFO HostContext] Well known directory 'Bin': '/home/hardik/Desktop/Assignment-1/assignment-1-HardikMinochaESE-1/actions-runner/bin'
[2025-02-05 08:13:53Z INFO HostContext] Well known directory 'Root': '/home/hardik/Desktop/Assignment-1/assignment-1-HardikMinochaESE-1/actions-runner'
[2025-02-05 08:13:53Z INFO HostContext] Well known config file 'SetupInfo': '/home/hardik/Desktop/Assignment-1/assignment-1-HardikMinochaESE-1/actions-runner/.setup_info'
[2025-02-05 08:13:53Z INFO HostContext] Well known directory 'Bin': '/home/hardik/Desktop/Assignment-1/assignment-1-HardikMinochaESE-1/actions-runner/bin'
[2025-02-05 08:13:53Z INFO HostContext] Well known directory 'Root': '/home/hardik/Desktop/Assignment-1/assignment-1-HardikMinochaESE-1/actions-runner'
[2025-02-05 08:13:53Z INFO HostContext] Well known directory 'Work': '/home/hardik/Desktop/Assignment-1/assignment-1-HardikMinochaESE-1/actions-runner/_work'
[2025-02-05 08:13:53Z INFO PipelineDirectoryManager] Loading tracking config if exists: /home/hardik/Desktop/Assignment-1/assignment-1-HardikMinochaESE-1/actions-runner/_work/_PipelineMapping/cu-ecen-aeld/assignments-3-and-later-HardikMinochaESE/PipelineFolder.json
[2025-02-05 08:13:53Z INFO PipelineDirectoryManager] Updating job run properties.
[2025-02-05 08:13:53Z INFO HostContext] Well known directory 'Bin': '/home/hardik/Desktop/Assignment-1/assignment-1-HardikMinochaESE-1/actions-runner/bin'
[2025-02-05 08:13:53Z INFO HostContext] Well known directory 'Root': '/home/hardik/Desktop/Assignment-1/assignment-1-HardikMinochaESE-1/actions-runner'
[2025-02-05 08:13:53Z INFO HostContext] Well known directory 'Work': '/home/hardik/Desktop/Assignment-1/assignment-1-HardikMinochaESE-1/actions-runner/_work'
[2025-02-05 08:13:53Z INFO HostContext] Well known directory 'Bin': '/home/hardik/Desktop/Assignment-1/assignment-1-HardikMinochaESE-1/actions-runner/bin'
[2025-02-05 08:13:53Z INFO HostContext] Well known directory 'Root': '/home/hardik/Desktop/Assignment-1/assignment-1-HardikMinochaESE-1/actions-runner'
[2025-02-05 08:13:53Z INFO HostContext] Well known directory 'Work': '/home/hardik/Desktop/Assignment-1/assignment-1-HardikMinochaESE-1/actions-runner/_work'
[2025-02-05 08:13:53Z INFO HostContext] Well known directory 'Bin': '/home/hardik/Desktop/Assignment-1/assignment-1-HardikMinochaESE-1/actions-runner/bin'
[2025-02-05 08:13:53Z INFO HostContext] Well known directory 'Root': '/home/hardik/Desktop/Assignment-1/assignment-1-HardikMinochaESE-1/actions-runner'
[2025-02-05 08:13:53Z INFO HostContext] Well known directory 'Work': '/home/hardik/Desktop/Assignment-1/assignment-1-HardikMinochaESE-1/actions-runner/_work'
[2025-02-05 08:13:53Z INFO JobServer] Successfully started websocket client.
[2025-02-05 08:13:53Z INFO JobServerQueue] Try to append 1 batches web console lines for record '01d690bb-8e88-4119-8aa4-f32e764e375d', success rate: 1/1.
[2025-02-05 08:13:53Z INFO HostContext] Well known directory 'Bin': '/home/hardik/Desktop/Assignment-1/assignment-1-HardikMinochaESE-1/actions-runner/bin'
[2025-02-05 08:13:53Z INFO HostContext] Well known directory 'Root': '/home/hardik/Desktop/Assignment-1/assignment-1-HardikMinochaESE-1/actions-runner'
[2025-02-05 08:13:53Z INFO HostContext] Well known directory 'Work': '/home/hardik/Desktop/Assignment-1/assignment-1-HardikMinochaESE-1/actions-runner/_work'
[2025-02-05 08:13:53Z INFO HostContext] Well known directory 'Bin': '/home/hardik/Desktop/Assignment-1/assignment-1-HardikMinochaESE-1/actions-runner/bin'
[2025-02-05 08:13:53Z INFO HostContext] Well known directory 'Root': '/home/hardik/Desktop/Assignment-1/assignment-1-HardikMinochaESE-1/actions-runner'
[2025-02-05 08:13:53Z INFO HostContext] Well known directory 'Work': '/home/hardik/Desktop/Assignment-1/assignment-1-HardikMinochaESE-1/actions-runner/_work'
[2025-02-05 08:13:53Z INFO HostContext] Well known directory 'Tools': '/home/hardik/Desktop/Assignment-1/assignment-1-HardikMinochaESE-1/actions-runner/_work/_tool'
[2025-02-05 08:13:53Z INFO HostContext] Well known directory 'Bin': '/home/hardik/Desktop/Assignment-1/assignment-1-HardikMinochaESE-1/actions-runner/bin'
[2025-02-05 08:13:53Z INFO HostContext] Well known directory 'Root': '/home/hardik/Desktop/Assignment-1/assignment-1-HardikMinochaESE-1/actions-runner'
[2025-02-05 08:13:53Z INFO HostContext] Well known directory 'Externals': '/home/hardik/Desktop/Assignment-1/assignment-1-HardikMinochaESE-1/actions-runner/externals'
[2025-02-05 08:13:53Z INFO JobExtension] Downloading actions
[2025-02-05 08:13:53Z INFO HostContext] Well known directory 'Bin': '/home/hardik/Desktop/Assignment-1/assignment-1-HardikMinochaESE-1/actions-runner/bin'
[2025-02-05 08:13:53Z INFO HostContext] Well known directory 'Root': '/home/hardik/Desktop/Assignment-1/assignment-1-HardikMinochaESE-1/actions-runner'
[2025-02-05 08:13:53Z INFO HostContext] Well known directory 'Work': '/home/hardik/Desktop/Assignment-1/assignment-1-HardikMinochaESE-1/actions-runner/_work'
[2025-02-05 08:13:53Z INFO HostContext] Well known directory 'Actions': '/home/hardik/Desktop/Assignment-1/assignment-1-HardikMinochaESE-1/actions-runner/_work/_actions'
[2025-02-05 08:13:53Z ERR  JobExtension] Caught cancellation exception from JobExtension Initialization: System.OperationCanceledException: The operation was canceled.
   at System.Threading.CancellationToken.ThrowOperationCanceledException()
   at System.Threading.CancellationToken.ThrowIfCancellationRequested()
   at System.Linq.Parallel.QueryOperator`1.GetOpenedEnumerator(Nullable`1 mergeOptions, Boolean suppressOrder, Boolean forEffect, QuerySettings querySettings)
   at System.Linq.Parallel.ForAllOperator`1.RunSynchronously()
   at GitHub.Runner.Sdk.IOUtil.DeleteDirectory(String path, Boolean contentsOnly, Boolean continueOnContentDeleteError, CancellationToken cancellationToken)
   at GitHub.Runner.Sdk.IOUtil.DeleteDirectory(String path, CancellationToken cancellationToken)
   at GitHub.Runner.Worker.ActionManager.PrepareActionsAsync(IExecutionContext executionContext, IEnumerable`1 steps, Guid rootStepId)
   at GitHub.Runner.Worker.JobExtension.InitializeJob(IExecutionContext jobContext, AgentJobRequestMessage message)
[2025-02-05 08:13:53Z INFO ExecutionContext] Publish step telemetry for current step {
  "action": "setup_job",
  "type": "runner",
  "stage": "Pre",
  "stepId": "01d690bb-8e88-4119-8aa4-f32e764e375d",
  "result": "canceled",
  "errorMessages": [
    "The operation was canceled."
  ],
  "executionTimeInSeconds": 1,
  "startTime": "2025-02-05T08:13:53.5202222Z",
  "finishTime": "2025-02-05T08:13:53.7584842Z"
}.
[2025-02-05 08:13:53Z ERR  JobRunner] Job is cancelled during initialize.
[2025-02-05 08:13:53Z ERR  JobRunner] Caught exception: System.OperationCanceledException: The operation was canceled.
   at System.Threading.CancellationToken.ThrowOperationCanceledException()
   at System.Threading.CancellationToken.ThrowIfCancellationRequested()
   at System.Linq.Parallel.QueryOperator`1.GetOpenedEnumerator(Nullable`1 mergeOptions, Boolean suppressOrder, Boolean forEffect, QuerySettings querySettings)
   at System.Linq.Parallel.ForAllOperator`1.RunSynchronously()
   at GitHub.Runner.Sdk.IOUtil.DeleteDirectory(String path, Boolean contentsOnly, Boolean continueOnContentDeleteError, CancellationToken cancellationToken)
   at GitHub.Runner.Sdk.IOUtil.DeleteDirectory(String path, CancellationToken cancellationToken)
   at GitHub.Runner.Worker.ActionManager.PrepareActionsAsync(IExecutionContext executionContext, IEnumerable`1 steps, Guid rootStepId)
   at GitHub.Runner.Worker.JobExtension.InitializeJob(IExecutionContext jobContext, AgentJobRequestMessage message)
   at GitHub.Runner.Worker.JobRunner.RunAsync(AgentJobRequestMessage message, CancellationToken jobRequestCancellationToken)
[2025-02-05 08:13:53Z INFO JobRunner] Shutting down the job server queue.
[2025-02-05 08:13:53Z INFO JobServerQueue] Fire signal to shutdown all queues.
[2025-02-05 08:13:54Z INFO JobServerQueue] All queue process task stopped.
[2025-02-05 08:13:54Z INFO JobServerQueue] Try to append 1 batches web console lines for record '01d690bb-8e88-4119-8aa4-f32e764e375d', success rate: 1/1.
[2025-02-05 08:13:54Z INFO JobServerQueue] Web console line queue drained.
[2025-02-05 08:13:54Z INFO JobServerQueue] Uploading 2 files in one shot.
[2025-02-05 08:13:56Z INFO JobServerQueue] Try to upload 2 log files or attachments, success rate: 2/2.
[2025-02-05 08:13:56Z INFO JobServerQueue] File upload queue drained.
[2025-02-05 08:13:56Z INFO JobServerQueue] Starting results-based upload queue...
[2025-02-05 08:13:56Z INFO JobServerQueue] Uploading 2 file(s) in one shot through results service.
[2025-02-05 08:13:56Z INFO JobServerQueue] Got a step log file to send to results service.
[2025-02-05 08:13:56Z INFO JobServerQueue] Starting upload of step log file to results service ResultsLog, /home/hardik/Desktop/Assignment-1/assignment-1-HardikMinochaESE-1/actions-runner/_diag/blocks/ed415678-de64-42a9-84cf-217e54b01c94_01d690bb-8e88-4119-8aa4-f32e764e375d.1
[2025-02-05 08:13:57Z INFO JobServerQueue] Got a job log file to send to results service.
[2025-02-05 08:13:57Z INFO JobServerQueue] Starting upload of job log file to results service ResultsLog, /home/hardik/Desktop/Assignment-1/assignment-1-HardikMinochaESE-1/actions-runner/_diag/blocks/ed415678-de64-42a9-84cf-217e54b01c94_0e10f8dd-85b5-5bee-19c6-47fc7db6f171.1
[2025-02-05 08:13:57Z INFO JobServerQueue] Tried to upload 2 file(s) to results, success rate: 2/2.
[2025-02-05 08:13:57Z INFO JobServerQueue] Results upload queue drained.
[2025-02-05 08:13:58Z INFO JobServerQueue] Job timeline record has been updated for the first time.
[2025-02-05 08:13:58Z INFO JobServerQueue] Timeline update queue drained.
[2025-02-05 08:13:58Z INFO JobServerQueue] Disposing job server ...
[2025-02-05 08:13:58Z INFO JobServerQueue] Disposing results server ...
[2025-02-05 08:13:58Z INFO JobServerQueue] All queue process tasks have been stopped, and all queues are drained.
[2025-02-05 08:13:58Z INFO JobServerQueue] Actions upload time: 2079 ms, Result upload time: 1414 ms
[2025-02-05 08:13:58Z INFO TempDirectoryManager] Cleaning runner temp folder: /home/hardik/Desktop/Assignment-1/assignment-1-HardikMinochaESE-1/actions-runner/_work/_temp
[2025-02-05 08:13:58Z ERR  TempDirectoryManager] System.IO.IOException: Directory not empty : '/home/hardik/Desktop/Assignment-1/assignment-1-HardikMinochaESE-1/actions-runner/_work/_temp/cf7fc28c-8280-436f-ae60-2060ddff56e2'
   at System.IO.FileSystem.RemoveEmptyDirectory(String fullPath, Boolean topLevel, Boolean throwWhenNotEmpty)
   at System.IO.DirectoryInfo.Delete()
   at GitHub.Runner.Sdk.IOUtil.DeleteDirectory(String path, Boolean contentsOnly, Boolean continueOnContentDeleteError, CancellationToken cancellationToken)
   at GitHub.Runner.Worker.TempDirectoryManager.CleanupTempDirectory()
[2025-02-05 08:13:58Z INFO HostContext] Well known directory 'Bin': '/home/hardik/Desktop/Assignment-1/assignment-1-HardikMinochaESE-1/actions-runner/bin'
[2025-02-05 08:13:58Z INFO HostContext] Well known directory 'Root': '/home/hardik/Desktop/Assignment-1/assignment-1-HardikMinochaESE-1/actions-runner'
[2025-02-05 08:13:58Z INFO HostContext] Well known directory 'Diag': '/home/hardik/Desktop/Assignment-1/assignment-1-HardikMinochaESE-1/actions-runner/_diag'
[2025-02-05 08:13:58Z INFO HostContext] Well known config file 'Telemetry': '/home/hardik/Desktop/Assignment-1/assignment-1-HardikMinochaESE-1/actions-runner/_diag/.telemetry'
[2025-02-05 08:13:58Z INFO JobRunner] Raising job completed event
